<?xml version="1.0" encoding="utf-8"?>
<CoverageSession xmlns:xsd="http://www.w3.org/2001/XMLSchema" xmlns:xsi="http://www.w3.org/2001/XMLSchema-instance" Version="0.0.0.0">
  <Summary numSequencePoints="586" visitedSequencePoints="61" numBranchPoints="0" visitedBranchPoints="0" sequenceCoverage="10.41" branchCoverage="0.0" maxCyclomaticComplexity="0" minCyclomaticComplexity="0" maxCrapScore="0" minCrapScore="0" visitedClasses="7" numClasses="14" visitedMethods="12" numMethods="83" />
  <Modules>
    <Module>
      <Summary numSequencePoints="202" visitedSequencePoints="9" numBranchPoints="0" visitedBranchPoints="0" sequenceCoverage="4.46" branchCoverage="0.0" maxCyclomaticComplexity="0" minCyclomaticComplexity="0" maxCrapScore="0" minCrapScore="0" visitedClasses="1" numClasses="3" visitedMethods="1" numMethods="30" />
      <ModuleTime>0001-01-01T00:00:00</ModuleTime>
      <ModuleName>Tests</ModuleName>
      <Files>
        <File uid="1" fullPath="C:/Users/jonma/SphereWorld/Assets/_SCRIPTS_/Tests/AlgoTests.cs" />
        <File uid="2" fullPath="C:/Users/jonma/SphereWorld/Assets/_SCRIPTS_/Tests/UtilitiesTests.cs" />
      </Files>
      <Classes>
        <Class>
          <Summary numSequencePoints="36" visitedSequencePoints="9" numBranchPoints="0" visitedBranchPoints="0" sequenceCoverage="25.00" branchCoverage="0.0" maxCyclomaticComplexity="0" minCyclomaticComplexity="0" maxCrapScore="0" minCrapScore="0" visitedClasses="1" numClasses="1" visitedMethods="1" numMethods="4" />
          <FullName>AlgoTests</FullName>
          <Methods>
            <Method visited="false" cyclomaticComplexity="0" nPathComplexity="0" sequenceCoverage="0.0" branchCoverage="0" crapScore="0" isConstructor="false" isStatic="false" isGetter="false" isSetter="false">
              <Summary numSequencePoints="9" visitedSequencePoints="0" numBranchPoints="0" visitedBranchPoints="0" sequenceCoverage="0.0" branchCoverage="0" maxCyclomaticComplexity="0" minCyclomaticComplexity="0" maxCrapScore="0" minCrapScore="0" visitedClasses="0" numClasses="0" visitedMethods="0" numMethods="1" />
              <MetadataToken>100663297</MetadataToken>
              <Name>System.Void AlgoTests::SphereSphereCollision_SamePos()</Name>
              <FileRef uid="1" />
              <SequencePoints>
                <SequencePoint vc="0" uspid="1" ordinal="0" offset="0" sl="8" sc="0" el="8" ec="0" bec="0" bev="0" fileid="1" />
                <SequencePoint vc="0" uspid="2" ordinal="0" offset="1" sl="9" sc="0" el="9" ec="0" bec="0" bev="0" fileid="1" />
                <SequencePoint vc="0" uspid="3" ordinal="0" offset="8" sl="10" sc="0" el="10" ec="0" bec="0" bev="0" fileid="1" />
                <SequencePoint vc="0" uspid="4" ordinal="0" offset="15" sl="11" sc="0" el="11" ec="0" bec="0" bev="0" fileid="1" />
                <SequencePoint vc="0" uspid="5" ordinal="0" offset="56" sl="12" sc="0" el="12" ec="0" bec="0" bev="0" fileid="1" />
                <SequencePoint vc="0" uspid="6" ordinal="0" offset="97" sl="13" sc="0" el="13" ec="0" bec="0" bev="0" fileid="1" />
                <SequencePoint vc="0" uspid="7" ordinal="0" offset="100" sl="15" sc="0" el="15" ec="0" bec="0" bev="0" fileid="1" />
                <SequencePoint vc="0" uspid="8" ordinal="0" offset="111" sl="16" sc="0" el="16" ec="0" bec="0" bev="0" fileid="1" />
                <SequencePoint vc="0" uspid="9" ordinal="0" offset="136" sl="17" sc="0" el="17" ec="0" bec="0" bev="0" fileid="1" />
              </SequencePoints>
              <BranchPoints />
            </Method>
            <Method visited="false" cyclomaticComplexity="0" nPathComplexity="0" sequenceCoverage="0.0" branchCoverage="0" crapScore="0" isConstructor="false" isStatic="false" isGetter="false" isSetter="false">
              <Summary numSequencePoints="9" visitedSequencePoints="0" numBranchPoints="0" visitedBranchPoints="0" sequenceCoverage="0.0" branchCoverage="0" maxCyclomaticComplexity="0" minCyclomaticComplexity="0" maxCrapScore="0" minCrapScore="0" visitedClasses="0" numClasses="0" visitedMethods="0" numMethods="1" />
              <MetadataToken>100663298</MetadataToken>
              <Name>System.Void AlgoTests::SphereSphereCollision_Overlap()</Name>
              <FileRef uid="1" />
              <SequencePoints>
                <SequencePoint vc="0" uspid="10" ordinal="0" offset="0" sl="20" sc="0" el="20" ec="0" bec="0" bev="0" fileid="1" />
                <SequencePoint vc="0" uspid="11" ordinal="0" offset="1" sl="21" sc="0" el="21" ec="0" bec="0" bev="0" fileid="1" />
                <SequencePoint vc="0" uspid="12" ordinal="0" offset="8" sl="22" sc="0" el="22" ec="0" bec="0" bev="0" fileid="1" />
                <SequencePoint vc="0" uspid="13" ordinal="0" offset="15" sl="23" sc="0" el="23" ec="0" bec="0" bev="0" fileid="1" />
                <SequencePoint vc="0" uspid="14" ordinal="0" offset="56" sl="24" sc="0" el="24" ec="0" bec="0" bev="0" fileid="1" />
                <SequencePoint vc="0" uspid="15" ordinal="0" offset="97" sl="25" sc="0" el="25" ec="0" bec="0" bev="0" fileid="1" />
                <SequencePoint vc="0" uspid="16" ordinal="0" offset="100" sl="27" sc="0" el="27" ec="0" bec="0" bev="0" fileid="1" />
                <SequencePoint vc="0" uspid="17" ordinal="0" offset="111" sl="28" sc="0" el="28" ec="0" bec="0" bev="0" fileid="1" />
                <SequencePoint vc="0" uspid="18" ordinal="0" offset="136" sl="29" sc="0" el="29" ec="0" bec="0" bev="0" fileid="1" />
              </SequencePoints>
              <BranchPoints />
            </Method>
            <Method visited="false" cyclomaticComplexity="0" nPathComplexity="0" sequenceCoverage="0.0" branchCoverage="0" crapScore="0" isConstructor="false" isStatic="false" isGetter="false" isSetter="false">
              <Summary numSequencePoints="9" visitedSequencePoints="0" numBranchPoints="0" visitedBranchPoints="0" sequenceCoverage="0.0" branchCoverage="0" maxCyclomaticComplexity="0" minCyclomaticComplexity="0" maxCrapScore="0" minCrapScore="0" visitedClasses="0" numClasses="0" visitedMethods="0" numMethods="1" />
              <MetadataToken>100663299</MetadataToken>
              <Name>System.Void AlgoTests::SphereSphereCollision_Edge()</Name>
              <FileRef uid="1" />
              <SequencePoints>
                <SequencePoint vc="0" uspid="19" ordinal="0" offset="0" sl="32" sc="0" el="32" ec="0" bec="0" bev="0" fileid="1" />
                <SequencePoint vc="0" uspid="20" ordinal="0" offset="1" sl="33" sc="0" el="33" ec="0" bec="0" bev="0" fileid="1" />
                <SequencePoint vc="0" uspid="21" ordinal="0" offset="8" sl="34" sc="0" el="34" ec="0" bec="0" bev="0" fileid="1" />
                <SequencePoint vc="0" uspid="22" ordinal="0" offset="15" sl="35" sc="0" el="35" ec="0" bec="0" bev="0" fileid="1" />
                <SequencePoint vc="0" uspid="23" ordinal="0" offset="56" sl="36" sc="0" el="36" ec="0" bec="0" bev="0" fileid="1" />
                <SequencePoint vc="0" uspid="24" ordinal="0" offset="97" sl="37" sc="0" el="37" ec="0" bec="0" bev="0" fileid="1" />
                <SequencePoint vc="0" uspid="25" ordinal="0" offset="100" sl="39" sc="0" el="39" ec="0" bec="0" bev="0" fileid="1" />
                <SequencePoint vc="0" uspid="26" ordinal="0" offset="111" sl="40" sc="0" el="40" ec="0" bec="0" bev="0" fileid="1" />
                <SequencePoint vc="0" uspid="27" ordinal="0" offset="136" sl="41" sc="0" el="41" ec="0" bec="0" bev="0" fileid="1" />
              </SequencePoints>
              <BranchPoints />
            </Method>
            <Method visited="true" cyclomaticComplexity="0" nPathComplexity="0" sequenceCoverage="100.0" branchCoverage="0" crapScore="0" isConstructor="false" isStatic="false" isGetter="false" isSetter="false">
              <Summary numSequencePoints="9" visitedSequencePoints="9" numBranchPoints="0" visitedBranchPoints="0" sequenceCoverage="100.0" branchCoverage="0" maxCyclomaticComplexity="0" minCyclomaticComplexity="0" maxCrapScore="0" minCrapScore="0" visitedClasses="0" numClasses="0" visitedMethods="1" numMethods="1" />
              <MetadataToken>100663300</MetadataToken>
              <Name>System.Void AlgoTests::SphereSphereCollision_NotTouching()</Name>
              <FileRef uid="1" />
              <SequencePoints>
                <SequencePoint vc="1" uspid="28" ordinal="0" offset="0" sl="44" sc="52" el="44" ec="52" bec="0" bev="0" fileid="1" />
                <SequencePoint vc="1" uspid="29" ordinal="0" offset="1" sl="45" sc="9" el="45" ec="9" bec="0" bev="0" fileid="1" />
                <SequencePoint vc="1" uspid="30" ordinal="0" offset="8" sl="46" sc="9" el="46" ec="9" bec="0" bev="0" fileid="1" />
                <SequencePoint vc="1" uspid="31" ordinal="0" offset="15" sl="47" sc="9" el="47" ec="9" bec="0" bev="0" fileid="1" />
                <SequencePoint vc="1" uspid="32" ordinal="0" offset="62" sl="48" sc="9" el="48" ec="9" bec="0" bev="0" fileid="1" />
                <SequencePoint vc="1" uspid="33" ordinal="0" offset="103" sl="49" sc="9" el="49" ec="9" bec="0" bev="0" fileid="1" />
                <SequencePoint vc="1" uspid="34" ordinal="0" offset="106" sl="51" sc="9" el="51" ec="9" bec="0" bev="0" fileid="1" />
                <SequencePoint vc="1" uspid="35" ordinal="0" offset="117" sl="52" sc="9" el="52" ec="9" bec="0" bev="0" fileid="1" />
                <SequencePoint vc="1" uspid="36" ordinal="0" offset="142" sl="53" sc="5" el="53" ec="5" bec="0" bev="0" fileid="1" />
              </SequencePoints>
              <BranchPoints />
            </Method>
          </Methods>
        </Class>
        <Class>
          <Summary numSequencePoints="165" visitedSequencePoints="0" numBranchPoints="0" visitedBranchPoints="0" sequenceCoverage="0.0" branchCoverage="0.0" maxCyclomaticComplexity="0" minCyclomaticComplexity="0" maxCrapScore="0" minCrapScore="0" visitedClasses="0" numClasses="1" visitedMethods="0" numMethods="25" />
          <FullName>UtilitiesTests</FullName>
          <Methods>
            <Method visited="false" cyclomaticComplexity="0" nPathComplexity="0" sequenceCoverage="0.0" branchCoverage="0" crapScore="0" isConstructor="false" isStatic="false" isGetter="false" isSetter="false">
              <Summary numSequencePoints="8" visitedSequencePoints="0" numBranchPoints="0" visitedBranchPoints="0" sequenceCoverage="0.0" branchCoverage="0" maxCyclomaticComplexity="0" minCyclomaticComplexity="0" maxCrapScore="0" minCrapScore="0" visitedClasses="0" numClasses="0" visitedMethods="0" numMethods="1" />
              <MetadataToken>100663302</MetadataToken>
              <Name>System.Void UtilitiesTests::TestClampMin()</Name>
              <FileRef uid="2" />
              <SequencePoints>
                <SequencePoint vc="0" uspid="37" ordinal="0" offset="0" sl="15" sc="0" el="15" ec="0" bec="0" bev="0" fileid="2" />
                <SequencePoint vc="0" uspid="38" ordinal="0" offset="1" sl="16" sc="0" el="16" ec="0" bec="0" bev="0" fileid="2" />
                <SequencePoint vc="0" uspid="39" ordinal="0" offset="12" sl="17" sc="0" el="17" ec="0" bec="0" bev="0" fileid="2" />
                <SequencePoint vc="0" uspid="40" ordinal="0" offset="23" sl="18" sc="0" el="18" ec="0" bec="0" bev="0" fileid="2" />
                <SequencePoint vc="0" uspid="41" ordinal="0" offset="36" sl="19" sc="0" el="19" ec="0" bec="0" bev="0" fileid="2" />
                <SequencePoint vc="0" uspid="42" ordinal="0" offset="47" sl="21" sc="0" el="21" ec="0" bec="0" bev="0" fileid="2" />
                <SequencePoint vc="0" uspid="43" ordinal="0" offset="57" sl="22" sc="0" el="22" ec="0" bec="0" bev="0" fileid="2" />
                <SequencePoint vc="0" uspid="44" ordinal="0" offset="76" sl="23" sc="0" el="23" ec="0" bec="0" bev="0" fileid="2" />
              </SequencePoints>
              <BranchPoints />
            </Method>
            <Method visited="false" cyclomaticComplexity="0" nPathComplexity="0" sequenceCoverage="0.0" branchCoverage="0" crapScore="0" isConstructor="false" isStatic="false" isGetter="false" isSetter="false">
              <Summary numSequencePoints="8" visitedSequencePoints="0" numBranchPoints="0" visitedBranchPoints="0" sequenceCoverage="0.0" branchCoverage="0" maxCyclomaticComplexity="0" minCyclomaticComplexity="0" maxCrapScore="0" minCrapScore="0" visitedClasses="0" numClasses="0" visitedMethods="0" numMethods="1" />
              <MetadataToken>100663303</MetadataToken>
              <Name>System.Void UtilitiesTests::TestClampMax()</Name>
              <FileRef uid="2" />
              <SequencePoints>
                <SequencePoint vc="0" uspid="45" ordinal="0" offset="0" sl="26" sc="0" el="26" ec="0" bec="0" bev="0" fileid="2" />
                <SequencePoint vc="0" uspid="46" ordinal="0" offset="1" sl="27" sc="0" el="27" ec="0" bec="0" bev="0" fileid="2" />
                <SequencePoint vc="0" uspid="47" ordinal="0" offset="12" sl="28" sc="0" el="28" ec="0" bec="0" bev="0" fileid="2" />
                <SequencePoint vc="0" uspid="48" ordinal="0" offset="23" sl="29" sc="0" el="29" ec="0" bec="0" bev="0" fileid="2" />
                <SequencePoint vc="0" uspid="49" ordinal="0" offset="35" sl="30" sc="0" el="30" ec="0" bec="0" bev="0" fileid="2" />
                <SequencePoint vc="0" uspid="50" ordinal="0" offset="46" sl="32" sc="0" el="32" ec="0" bec="0" bev="0" fileid="2" />
                <SequencePoint vc="0" uspid="51" ordinal="0" offset="56" sl="33" sc="0" el="33" ec="0" bec="0" bev="0" fileid="2" />
                <SequencePoint vc="0" uspid="52" ordinal="0" offset="75" sl="34" sc="0" el="34" ec="0" bec="0" bev="0" fileid="2" />
              </SequencePoints>
              <BranchPoints />
            </Method>
            <Method visited="false" cyclomaticComplexity="0" nPathComplexity="0" sequenceCoverage="0.0" branchCoverage="0" crapScore="0" isConstructor="false" isStatic="false" isGetter="false" isSetter="false">
              <Summary numSequencePoints="8" visitedSequencePoints="0" numBranchPoints="0" visitedBranchPoints="0" sequenceCoverage="0.0" branchCoverage="0" maxCyclomaticComplexity="0" minCyclomaticComplexity="0" maxCrapScore="0" minCrapScore="0" visitedClasses="0" numClasses="0" visitedMethods="0" numMethods="1" />
              <MetadataToken>100663304</MetadataToken>
              <Name>System.Void UtilitiesTests::TestClampInBetween()</Name>
              <FileRef uid="2" />
              <SequencePoints>
                <SequencePoint vc="0" uspid="53" ordinal="0" offset="0" sl="37" sc="0" el="37" ec="0" bec="0" bev="0" fileid="2" />
                <SequencePoint vc="0" uspid="54" ordinal="0" offset="1" sl="38" sc="0" el="38" ec="0" bec="0" bev="0" fileid="2" />
                <SequencePoint vc="0" uspid="55" ordinal="0" offset="12" sl="39" sc="0" el="39" ec="0" bec="0" bev="0" fileid="2" />
                <SequencePoint vc="0" uspid="56" ordinal="0" offset="23" sl="40" sc="0" el="40" ec="0" bec="0" bev="0" fileid="2" />
                <SequencePoint vc="0" uspid="57" ordinal="0" offset="39" sl="41" sc="0" el="41" ec="0" bec="0" bev="0" fileid="2" />
                <SequencePoint vc="0" uspid="58" ordinal="0" offset="55" sl="43" sc="0" el="43" ec="0" bec="0" bev="0" fileid="2" />
                <SequencePoint vc="0" uspid="59" ordinal="0" offset="65" sl="44" sc="0" el="44" ec="0" bec="0" bev="0" fileid="2" />
                <SequencePoint vc="0" uspid="60" ordinal="0" offset="84" sl="45" sc="0" el="45" ec="0" bec="0" bev="0" fileid="2" />
              </SequencePoints>
              <BranchPoints />
            </Method>
            <Method visited="false" cyclomaticComplexity="0" nPathComplexity="0" sequenceCoverage="0.0" branchCoverage="0" crapScore="0" isConstructor="false" isStatic="false" isGetter="false" isSetter="false">
              <Summary numSequencePoints="7" visitedSequencePoints="0" numBranchPoints="0" visitedBranchPoints="0" sequenceCoverage="0.0" branchCoverage="0" maxCyclomaticComplexity="0" minCyclomaticComplexity="0" maxCrapScore="0" minCrapScore="0" visitedClasses="0" numClasses="0" visitedMethods="0" numMethods="1" />
              <MetadataToken>100663305</MetadataToken>
              <Name>System.Void UtilitiesTests::TestCross()</Name>
              <FileRef uid="2" />
              <SequencePoints>
                <SequencePoint vc="0" uspid="61" ordinal="0" offset="0" sl="48" sc="0" el="48" ec="0" bec="0" bev="0" fileid="2" />
                <SequencePoint vc="0" uspid="62" ordinal="0" offset="1" sl="49" sc="0" el="49" ec="0" bec="0" bev="0" fileid="2" />
                <SequencePoint vc="0" uspid="63" ordinal="0" offset="38" sl="50" sc="0" el="50" ec="0" bec="0" bev="0" fileid="2" />
                <SequencePoint vc="0" uspid="64" ordinal="0" offset="75" sl="51" sc="0" el="51" ec="0" bec="0" bev="0" fileid="2" />
                <SequencePoint vc="0" uspid="65" ordinal="0" offset="112" sl="53" sc="0" el="53" ec="0" bec="0" bev="0" fileid="2" />
                <SequencePoint vc="0" uspid="66" ordinal="0" offset="120" sl="54" sc="0" el="54" ec="0" bec="0" bev="0" fileid="2" />
                <SequencePoint vc="0" uspid="67" ordinal="0" offset="138" sl="55" sc="0" el="55" ec="0" bec="0" bev="0" fileid="2" />
              </SequencePoints>
              <BranchPoints />
            </Method>
            <Method visited="false" cyclomaticComplexity="0" nPathComplexity="0" sequenceCoverage="0.0" branchCoverage="0" crapScore="0" isConstructor="false" isStatic="false" isGetter="false" isSetter="false">
              <Summary numSequencePoints="7" visitedSequencePoints="0" numBranchPoints="0" visitedBranchPoints="0" sequenceCoverage="0.0" branchCoverage="0" maxCyclomaticComplexity="0" minCyclomaticComplexity="0" maxCrapScore="0" minCrapScore="0" visitedClasses="0" numClasses="0" visitedMethods="0" numMethods="1" />
              <MetadataToken>100663306</MetadataToken>
              <Name>System.Void UtilitiesTests::TestDot()</Name>
              <FileRef uid="2" />
              <SequencePoints>
                <SequencePoint vc="0" uspid="68" ordinal="0" offset="0" sl="58" sc="0" el="58" ec="0" bec="0" bev="0" fileid="2" />
                <SequencePoint vc="0" uspid="69" ordinal="0" offset="1" sl="59" sc="0" el="59" ec="0" bec="0" bev="0" fileid="2" />
                <SequencePoint vc="0" uspid="70" ordinal="0" offset="38" sl="60" sc="0" el="60" ec="0" bec="0" bev="0" fileid="2" />
                <SequencePoint vc="0" uspid="71" ordinal="0" offset="75" sl="61" sc="0" el="61" ec="0" bec="0" bev="0" fileid="2" />
                <SequencePoint vc="0" uspid="72" ordinal="0" offset="86" sl="63" sc="0" el="63" ec="0" bec="0" bev="0" fileid="2" />
                <SequencePoint vc="0" uspid="73" ordinal="0" offset="94" sl="64" sc="0" el="64" ec="0" bec="0" bev="0" fileid="2" />
                <SequencePoint vc="0" uspid="74" ordinal="0" offset="112" sl="65" sc="0" el="65" ec="0" bec="0" bev="0" fileid="2" />
              </SequencePoints>
              <BranchPoints />
            </Method>
            <Method visited="false" cyclomaticComplexity="0" nPathComplexity="0" sequenceCoverage="0.0" branchCoverage="0" crapScore="0" isConstructor="false" isStatic="false" isGetter="false" isSetter="false">
              <Summary numSequencePoints="8" visitedSequencePoints="0" numBranchPoints="0" visitedBranchPoints="0" sequenceCoverage="0.0" branchCoverage="0" maxCyclomaticComplexity="0" minCyclomaticComplexity="0" maxCrapScore="0" minCrapScore="0" visitedClasses="0" numClasses="0" visitedMethods="0" numMethods="1" />
              <MetadataToken>100663307</MetadataToken>
              <Name>System.Void UtilitiesTests::TestEqualsWErrorOutOfRange()</Name>
              <FileRef uid="2" />
              <SequencePoints>
                <SequencePoint vc="0" uspid="75" ordinal="0" offset="0" sl="69" sc="0" el="69" ec="0" bec="0" bev="0" fileid="2" />
                <SequencePoint vc="0" uspid="76" ordinal="0" offset="1" sl="70" sc="0" el="70" ec="0" bec="0" bev="0" fileid="2" />
                <SequencePoint vc="0" uspid="77" ordinal="0" offset="14" sl="71" sc="0" el="71" ec="0" bec="0" bev="0" fileid="2" />
                <SequencePoint vc="0" uspid="78" ordinal="0" offset="27" sl="72" sc="0" el="72" ec="0" bec="0" bev="0" fileid="2" />
                <SequencePoint vc="0" uspid="79" ordinal="0" offset="43" sl="73" sc="0" el="73" ec="0" bec="0" bev="0" fileid="2" />
                <SequencePoint vc="0" uspid="80" ordinal="0" offset="45" sl="75" sc="0" el="75" ec="0" bec="0" bev="0" fileid="2" />
                <SequencePoint vc="0" uspid="81" ordinal="0" offset="55" sl="77" sc="0" el="77" ec="0" bec="0" bev="0" fileid="2" />
                <SequencePoint vc="0" uspid="82" ordinal="0" offset="74" sl="78" sc="0" el="78" ec="0" bec="0" bev="0" fileid="2" />
              </SequencePoints>
              <BranchPoints />
            </Method>
            <Method visited="false" cyclomaticComplexity="0" nPathComplexity="0" sequenceCoverage="0.0" branchCoverage="0" crapScore="0" isConstructor="false" isStatic="false" isGetter="false" isSetter="false">
              <Summary numSequencePoints="8" visitedSequencePoints="0" numBranchPoints="0" visitedBranchPoints="0" sequenceCoverage="0.0" branchCoverage="0" maxCyclomaticComplexity="0" minCyclomaticComplexity="0" maxCrapScore="0" minCrapScore="0" visitedClasses="0" numClasses="0" visitedMethods="0" numMethods="1" />
              <MetadataToken>100663308</MetadataToken>
              <Name>System.Void UtilitiesTests::TestEqualsWErrorInRange()</Name>
              <FileRef uid="2" />
              <SequencePoints>
                <SequencePoint vc="0" uspid="83" ordinal="0" offset="0" sl="82" sc="0" el="82" ec="0" bec="0" bev="0" fileid="2" />
                <SequencePoint vc="0" uspid="84" ordinal="0" offset="1" sl="83" sc="0" el="83" ec="0" bec="0" bev="0" fileid="2" />
                <SequencePoint vc="0" uspid="85" ordinal="0" offset="14" sl="84" sc="0" el="84" ec="0" bec="0" bev="0" fileid="2" />
                <SequencePoint vc="0" uspid="86" ordinal="0" offset="27" sl="85" sc="0" el="85" ec="0" bec="0" bev="0" fileid="2" />
                <SequencePoint vc="0" uspid="87" ordinal="0" offset="43" sl="86" sc="0" el="86" ec="0" bec="0" bev="0" fileid="2" />
                <SequencePoint vc="0" uspid="88" ordinal="0" offset="45" sl="88" sc="0" el="88" ec="0" bec="0" bev="0" fileid="2" />
                <SequencePoint vc="0" uspid="89" ordinal="0" offset="55" sl="90" sc="0" el="90" ec="0" bec="0" bev="0" fileid="2" />
                <SequencePoint vc="0" uspid="90" ordinal="0" offset="74" sl="91" sc="0" el="91" ec="0" bec="0" bev="0" fileid="2" />
              </SequencePoints>
              <BranchPoints />
            </Method>
            <Method visited="false" cyclomaticComplexity="0" nPathComplexity="0" sequenceCoverage="0.0" branchCoverage="0" crapScore="0" isConstructor="false" isStatic="false" isGetter="false" isSetter="false">
              <Summary numSequencePoints="6" visitedSequencePoints="0" numBranchPoints="0" visitedBranchPoints="0" sequenceCoverage="0.0" branchCoverage="0" maxCyclomaticComplexity="0" minCyclomaticComplexity="0" maxCrapScore="0" minCrapScore="0" visitedClasses="0" numClasses="0" visitedMethods="0" numMethods="1" />
              <MetadataToken>100663309</MetadataToken>
              <Name>System.Void UtilitiesTests::TestLengthSqrd()</Name>
              <FileRef uid="2" />
              <SequencePoints>
                <SequencePoint vc="0" uspid="91" ordinal="0" offset="0" sl="95" sc="0" el="95" ec="0" bec="0" bev="0" fileid="2" />
                <SequencePoint vc="0" uspid="92" ordinal="0" offset="1" sl="96" sc="0" el="96" ec="0" bec="0" bev="0" fileid="2" />
                <SequencePoint vc="0" uspid="93" ordinal="0" offset="41" sl="97" sc="0" el="97" ec="0" bec="0" bev="0" fileid="2" />
                <SequencePoint vc="0" uspid="94" ordinal="0" offset="54" sl="99" sc="0" el="99" ec="0" bec="0" bev="0" fileid="2" />
                <SequencePoint vc="0" uspid="95" ordinal="0" offset="61" sl="100" sc="0" el="100" ec="0" bec="0" bev="0" fileid="2" />
                <SequencePoint vc="0" uspid="96" ordinal="0" offset="79" sl="101" sc="0" el="101" ec="0" bec="0" bev="0" fileid="2" />
              </SequencePoints>
              <BranchPoints />
            </Method>
            <Method visited="false" cyclomaticComplexity="0" nPathComplexity="0" sequenceCoverage="0.0" branchCoverage="0" crapScore="0" isConstructor="false" isStatic="false" isGetter="false" isSetter="false">
              <Summary numSequencePoints="6" visitedSequencePoints="0" numBranchPoints="0" visitedBranchPoints="0" sequenceCoverage="0.0" branchCoverage="0" maxCyclomaticComplexity="0" minCyclomaticComplexity="0" maxCrapScore="0" minCrapScore="0" visitedClasses="0" numClasses="0" visitedMethods="0" numMethods="1" />
              <MetadataToken>100663310</MetadataToken>
              <Name>System.Void UtilitiesTests::TestMajor2Normal()</Name>
              <FileRef uid="2" />
              <SequencePoints>
                <SequencePoint vc="0" uspid="97" ordinal="0" offset="0" sl="104" sc="0" el="104" ec="0" bec="0" bev="0" fileid="2" />
                <SequencePoint vc="0" uspid="98" ordinal="0" offset="1" sl="106" sc="0" el="106" ec="0" bec="0" bev="0" fileid="2" />
                <SequencePoint vc="0" uspid="99" ordinal="0" offset="31" sl="107" sc="0" el="107" ec="0" bec="0" bev="0" fileid="2" />
                <SequencePoint vc="0" uspid="100" ordinal="0" offset="44" sl="109" sc="0" el="109" ec="0" bec="0" bev="0" fileid="2" />
                <SequencePoint vc="0" uspid="101" ordinal="0" offset="51" sl="110" sc="0" el="110" ec="0" bec="0" bev="0" fileid="2" />
                <SequencePoint vc="0" uspid="102" ordinal="0" offset="74" sl="111" sc="0" el="111" ec="0" bec="0" bev="0" fileid="2" />
              </SequencePoints>
              <BranchPoints />
            </Method>
            <Method visited="false" cyclomaticComplexity="0" nPathComplexity="0" sequenceCoverage="0.0" branchCoverage="0" crapScore="0" isConstructor="false" isStatic="false" isGetter="false" isSetter="false">
              <Summary numSequencePoints="6" visitedSequencePoints="0" numBranchPoints="0" visitedBranchPoints="0" sequenceCoverage="0.0" branchCoverage="0" maxCyclomaticComplexity="0" minCyclomaticComplexity="0" maxCrapScore="0" minCrapScore="0" visitedClasses="0" numClasses="0" visitedMethods="0" numMethods="1" />
              <MetadataToken>100663311</MetadataToken>
              <Name>System.Void UtilitiesTests::TestMajor2Tie()</Name>
              <FileRef uid="2" />
              <SequencePoints>
                <SequencePoint vc="0" uspid="103" ordinal="0" offset="0" sl="114" sc="0" el="114" ec="0" bec="0" bev="0" fileid="2" />
                <SequencePoint vc="0" uspid="104" ordinal="0" offset="1" sl="116" sc="0" el="116" ec="0" bec="0" bev="0" fileid="2" />
                <SequencePoint vc="0" uspid="105" ordinal="0" offset="30" sl="117" sc="0" el="117" ec="0" bec="0" bev="0" fileid="2" />
                <SequencePoint vc="0" uspid="106" ordinal="0" offset="42" sl="119" sc="0" el="119" ec="0" bec="0" bev="0" fileid="2" />
                <SequencePoint vc="0" uspid="107" ordinal="0" offset="49" sl="120" sc="0" el="120" ec="0" bec="0" bev="0" fileid="2" />
                <SequencePoint vc="0" uspid="108" ordinal="0" offset="77" sl="121" sc="0" el="121" ec="0" bec="0" bev="0" fileid="2" />
              </SequencePoints>
              <BranchPoints />
            </Method>
            <Method visited="false" cyclomaticComplexity="0" nPathComplexity="0" sequenceCoverage="0.0" branchCoverage="0" crapScore="0" isConstructor="false" isStatic="false" isGetter="false" isSetter="false">
              <Summary numSequencePoints="6" visitedSequencePoints="0" numBranchPoints="0" visitedBranchPoints="0" sequenceCoverage="0.0" branchCoverage="0" maxCyclomaticComplexity="0" minCyclomaticComplexity="0" maxCrapScore="0" minCrapScore="0" visitedClasses="0" numClasses="0" visitedMethods="0" numMethods="1" />
              <MetadataToken>100663312</MetadataToken>
              <Name>System.Void UtilitiesTests::TestMajor2Zero()</Name>
              <FileRef uid="2" />
              <SequencePoints>
                <SequencePoint vc="0" uspid="109" ordinal="0" offset="0" sl="124" sc="0" el="124" ec="0" bec="0" bev="0" fileid="2" />
                <SequencePoint vc="0" uspid="110" ordinal="0" offset="1" sl="126" sc="0" el="126" ec="0" bec="0" bev="0" fileid="2" />
                <SequencePoint vc="0" uspid="111" ordinal="0" offset="28" sl="127" sc="0" el="127" ec="0" bec="0" bev="0" fileid="2" />
                <SequencePoint vc="0" uspid="112" ordinal="0" offset="39" sl="129" sc="0" el="129" ec="0" bec="0" bev="0" fileid="2" />
                <SequencePoint vc="0" uspid="113" ordinal="0" offset="46" sl="130" sc="0" el="130" ec="0" bec="0" bev="0" fileid="2" />
                <SequencePoint vc="0" uspid="114" ordinal="0" offset="74" sl="131" sc="0" el="131" ec="0" bec="0" bev="0" fileid="2" />
              </SequencePoints>
              <BranchPoints />
            </Method>
            <Method visited="false" cyclomaticComplexity="0" nPathComplexity="0" sequenceCoverage="0.0" branchCoverage="0" crapScore="0" isConstructor="false" isStatic="false" isGetter="false" isSetter="false">
              <Summary numSequencePoints="6" visitedSequencePoints="0" numBranchPoints="0" visitedBranchPoints="0" sequenceCoverage="0.0" branchCoverage="0" maxCyclomaticComplexity="0" minCyclomaticComplexity="0" maxCrapScore="0" minCrapScore="0" visitedClasses="0" numClasses="0" visitedMethods="0" numMethods="1" />
              <MetadataToken>100663313</MetadataToken>
              <Name>System.Void UtilitiesTests::TestMajor3Normal()</Name>
              <FileRef uid="2" />
              <SequencePoints>
                <SequencePoint vc="0" uspid="115" ordinal="0" offset="0" sl="134" sc="0" el="134" ec="0" bec="0" bev="0" fileid="2" />
                <SequencePoint vc="0" uspid="116" ordinal="0" offset="1" sl="136" sc="0" el="136" ec="0" bec="0" bev="0" fileid="2" />
                <SequencePoint vc="0" uspid="117" ordinal="0" offset="46" sl="137" sc="0" el="137" ec="0" bec="0" bev="0" fileid="2" />
                <SequencePoint vc="0" uspid="118" ordinal="0" offset="59" sl="139" sc="0" el="139" ec="0" bec="0" bev="0" fileid="2" />
                <SequencePoint vc="0" uspid="119" ordinal="0" offset="66" sl="140" sc="0" el="140" ec="0" bec="0" bev="0" fileid="2" />
                <SequencePoint vc="0" uspid="120" ordinal="0" offset="89" sl="141" sc="0" el="141" ec="0" bec="0" bev="0" fileid="2" />
              </SequencePoints>
              <BranchPoints />
            </Method>
            <Method visited="false" cyclomaticComplexity="0" nPathComplexity="0" sequenceCoverage="0.0" branchCoverage="0" crapScore="0" isConstructor="false" isStatic="false" isGetter="false" isSetter="false">
              <Summary numSequencePoints="6" visitedSequencePoints="0" numBranchPoints="0" visitedBranchPoints="0" sequenceCoverage="0.0" branchCoverage="0" maxCyclomaticComplexity="0" minCyclomaticComplexity="0" maxCrapScore="0" minCrapScore="0" visitedClasses="0" numClasses="0" visitedMethods="0" numMethods="1" />
              <MetadataToken>100663314</MetadataToken>
              <Name>System.Void UtilitiesTests::TestMajor3Tie()</Name>
              <FileRef uid="2" />
              <SequencePoints>
                <SequencePoint vc="0" uspid="121" ordinal="0" offset="0" sl="144" sc="0" el="144" ec="0" bec="0" bev="0" fileid="2" />
                <SequencePoint vc="0" uspid="122" ordinal="0" offset="1" sl="146" sc="0" el="146" ec="0" bec="0" bev="0" fileid="2" />
                <SequencePoint vc="0" uspid="123" ordinal="0" offset="40" sl="147" sc="0" el="147" ec="0" bec="0" bev="0" fileid="2" />
                <SequencePoint vc="0" uspid="124" ordinal="0" offset="52" sl="149" sc="0" el="149" ec="0" bec="0" bev="0" fileid="2" />
                <SequencePoint vc="0" uspid="125" ordinal="0" offset="59" sl="150" sc="0" el="150" ec="0" bec="0" bev="0" fileid="2" />
                <SequencePoint vc="0" uspid="126" ordinal="0" offset="87" sl="151" sc="0" el="151" ec="0" bec="0" bev="0" fileid="2" />
              </SequencePoints>
              <BranchPoints />
            </Method>
            <Method visited="false" cyclomaticComplexity="0" nPathComplexity="0" sequenceCoverage="0.0" branchCoverage="0" crapScore="0" isConstructor="false" isStatic="false" isGetter="false" isSetter="false">
              <Summary numSequencePoints="6" visitedSequencePoints="0" numBranchPoints="0" visitedBranchPoints="0" sequenceCoverage="0.0" branchCoverage="0" maxCyclomaticComplexity="0" minCyclomaticComplexity="0" maxCrapScore="0" minCrapScore="0" visitedClasses="0" numClasses="0" visitedMethods="0" numMethods="1" />
              <MetadataToken>100663315</MetadataToken>
              <Name>System.Void UtilitiesTests::TestMajor3Zero()</Name>
              <FileRef uid="2" />
              <SequencePoints>
                <SequencePoint vc="0" uspid="127" ordinal="0" offset="0" sl="154" sc="0" el="154" ec="0" bec="0" bev="0" fileid="2" />
                <SequencePoint vc="0" uspid="128" ordinal="0" offset="1" sl="156" sc="0" el="156" ec="0" bec="0" bev="0" fileid="2" />
                <SequencePoint vc="0" uspid="129" ordinal="0" offset="38" sl="157" sc="0" el="157" ec="0" bec="0" bev="0" fileid="2" />
                <SequencePoint vc="0" uspid="130" ordinal="0" offset="49" sl="159" sc="0" el="159" ec="0" bec="0" bev="0" fileid="2" />
                <SequencePoint vc="0" uspid="131" ordinal="0" offset="56" sl="160" sc="0" el="160" ec="0" bec="0" bev="0" fileid="2" />
                <SequencePoint vc="0" uspid="132" ordinal="0" offset="84" sl="161" sc="0" el="161" ec="0" bec="0" bev="0" fileid="2" />
              </SequencePoints>
              <BranchPoints />
            </Method>
            <Method visited="false" cyclomaticComplexity="0" nPathComplexity="0" sequenceCoverage="0.0" branchCoverage="0" crapScore="0" isConstructor="false" isStatic="false" isGetter="false" isSetter="false">
              <Summary numSequencePoints="7" visitedSequencePoints="0" numBranchPoints="0" visitedBranchPoints="0" sequenceCoverage="0.0" branchCoverage="0" maxCyclomaticComplexity="0" minCyclomaticComplexity="0" maxCrapScore="0" minCrapScore="0" visitedClasses="0" numClasses="0" visitedMethods="0" numMethods="1" />
              <MetadataToken>100663316</MetadataToken>
              <Name>System.Void UtilitiesTests::TestMultiplyQQ()</Name>
              <FileRef uid="2" />
              <SequencePoints>
                <SequencePoint vc="0" uspid="133" ordinal="0" offset="0" sl="164" sc="0" el="164" ec="0" bec="0" bev="0" fileid="2" />
                <SequencePoint vc="0" uspid="134" ordinal="0" offset="1" sl="165" sc="0" el="165" ec="0" bec="0" bev="0" fileid="2" />
                <SequencePoint vc="0" uspid="135" ordinal="0" offset="50" sl="166" sc="0" el="166" ec="0" bec="0" bev="0" fileid="2" />
                <SequencePoint vc="0" uspid="136" ordinal="0" offset="99" sl="167" sc="0" el="167" ec="0" bec="0" bev="0" fileid="2" />
                <SequencePoint vc="0" uspid="137" ordinal="0" offset="150" sl="169" sc="0" el="169" ec="0" bec="0" bev="0" fileid="2" />
                <SequencePoint vc="0" uspid="138" ordinal="0" offset="158" sl="170" sc="0" el="170" ec="0" bec="0" bev="0" fileid="2" />
                <SequencePoint vc="0" uspid="139" ordinal="0" offset="176" sl="171" sc="0" el="171" ec="0" bec="0" bev="0" fileid="2" />
              </SequencePoints>
              <BranchPoints />
            </Method>
            <Method visited="false" cyclomaticComplexity="0" nPathComplexity="0" sequenceCoverage="0.0" branchCoverage="0" crapScore="0" isConstructor="false" isStatic="false" isGetter="false" isSetter="false">
              <Summary numSequencePoints="8" visitedSequencePoints="0" numBranchPoints="0" visitedBranchPoints="0" sequenceCoverage="0.0" branchCoverage="0" maxCyclomaticComplexity="0" minCyclomaticComplexity="0" maxCrapScore="0" minCrapScore="0" visitedClasses="0" numClasses="0" visitedMethods="0" numMethods="1" />
              <MetadataToken>100663317</MetadataToken>
              <Name>System.Void UtilitiesTests::TestMultiplyVQ()</Name>
              <FileRef uid="2" />
              <SequencePoints>
                <SequencePoint vc="0" uspid="140" ordinal="0" offset="0" sl="173" sc="0" el="173" ec="0" bec="0" bev="0" fileid="2" />
                <SequencePoint vc="0" uspid="141" ordinal="0" offset="1" sl="174" sc="0" el="174" ec="0" bec="0" bev="0" fileid="2" />
                <SequencePoint vc="0" uspid="142" ordinal="0" offset="17" sl="175" sc="0" el="175" ec="0" bec="0" bev="0" fileid="2" />
                <SequencePoint vc="0" uspid="143" ordinal="0" offset="82" sl="176" sc="0" el="176" ec="0" bec="0" bev="0" fileid="2" />
                <SequencePoint vc="0" uspid="144" ordinal="0" offset="119" sl="177" sc="0" el="177" ec="0" bec="0" bev="0" fileid="2" />
                <SequencePoint vc="0" uspid="145" ordinal="0" offset="184" sl="179" sc="0" el="179" ec="0" bec="0" bev="0" fileid="2" />
                <SequencePoint vc="0" uspid="146" ordinal="0" offset="193" sl="180" sc="0" el="180" ec="0" bec="0" bev="0" fileid="2" />
                <SequencePoint vc="0" uspid="147" ordinal="0" offset="263" sl="185" sc="0" el="185" ec="0" bec="0" bev="0" fileid="2" />
              </SequencePoints>
              <BranchPoints />
            </Method>
            <Method visited="false" cyclomaticComplexity="0" nPathComplexity="0" sequenceCoverage="0.0" branchCoverage="0" crapScore="0" isConstructor="false" isStatic="false" isGetter="false" isSetter="false">
              <Summary numSequencePoints="6" visitedSequencePoints="0" numBranchPoints="0" visitedBranchPoints="0" sequenceCoverage="0.0" branchCoverage="0" maxCyclomaticComplexity="0" minCyclomaticComplexity="0" maxCrapScore="0" minCrapScore="0" visitedClasses="0" numClasses="0" visitedMethods="0" numMethods="1" />
              <MetadataToken>100663318</MetadataToken>
              <Name>System.Void UtilitiesTests::TestNormalizedOneDir()</Name>
              <FileRef uid="2" />
              <SequencePoints>
                <SequencePoint vc="0" uspid="148" ordinal="0" offset="0" sl="188" sc="0" el="188" ec="0" bec="0" bev="0" fileid="2" />
                <SequencePoint vc="0" uspid="149" ordinal="0" offset="1" sl="189" sc="0" el="189" ec="0" bec="0" bev="0" fileid="2" />
                <SequencePoint vc="0" uspid="150" ordinal="0" offset="40" sl="190" sc="0" el="190" ec="0" bec="0" bev="0" fileid="2" />
                <SequencePoint vc="0" uspid="151" ordinal="0" offset="77" sl="192" sc="0" el="192" ec="0" bec="0" bev="0" fileid="2" />
                <SequencePoint vc="0" uspid="152" ordinal="0" offset="84" sl="193" sc="0" el="193" ec="0" bec="0" bev="0" fileid="2" />
                <SequencePoint vc="0" uspid="153" ordinal="0" offset="102" sl="194" sc="0" el="194" ec="0" bec="0" bev="0" fileid="2" />
              </SequencePoints>
              <BranchPoints />
            </Method>
            <Method visited="false" cyclomaticComplexity="0" nPathComplexity="0" sequenceCoverage="0.0" branchCoverage="0" crapScore="0" isConstructor="false" isStatic="false" isGetter="false" isSetter="false">
              <Summary numSequencePoints="7" visitedSequencePoints="0" numBranchPoints="0" visitedBranchPoints="0" sequenceCoverage="0.0" branchCoverage="0" maxCyclomaticComplexity="0" minCyclomaticComplexity="0" maxCrapScore="0" minCrapScore="0" visitedClasses="0" numClasses="0" visitedMethods="0" numMethods="1" />
              <MetadataToken>100663319</MetadataToken>
              <Name>System.Void UtilitiesTests::TestNormalizedMultiDir()</Name>
              <FileRef uid="2" />
              <SequencePoints>
                <SequencePoint vc="0" uspid="154" ordinal="0" offset="0" sl="197" sc="0" el="197" ec="0" bec="0" bev="0" fileid="2" />
                <SequencePoint vc="0" uspid="155" ordinal="0" offset="1" sl="198" sc="0" el="198" ec="0" bec="0" bev="0" fileid="2" />
                <SequencePoint vc="0" uspid="156" ordinal="0" offset="17" sl="199" sc="0" el="199" ec="0" bec="0" bev="0" fileid="2" />
                <SequencePoint vc="0" uspid="157" ordinal="0" offset="57" sl="200" sc="0" el="200" ec="0" bec="0" bev="0" fileid="2" />
                <SequencePoint vc="0" uspid="158" ordinal="0" offset="136" sl="202" sc="0" el="202" ec="0" bec="0" bev="0" fileid="2" />
                <SequencePoint vc="0" uspid="159" ordinal="0" offset="143" sl="203" sc="0" el="203" ec="0" bec="0" bev="0" fileid="2" />
                <SequencePoint vc="0" uspid="160" ordinal="0" offset="210" sl="208" sc="0" el="208" ec="0" bec="0" bev="0" fileid="2" />
              </SequencePoints>
              <BranchPoints />
            </Method>
            <Method visited="false" cyclomaticComplexity="0" nPathComplexity="0" sequenceCoverage="0.0" branchCoverage="0" crapScore="0" isConstructor="false" isStatic="false" isGetter="false" isSetter="false">
              <Summary numSequencePoints="6" visitedSequencePoints="0" numBranchPoints="0" visitedBranchPoints="0" sequenceCoverage="0.0" branchCoverage="0" maxCyclomaticComplexity="0" minCyclomaticComplexity="0" maxCrapScore="0" minCrapScore="0" visitedClasses="0" numClasses="0" visitedMethods="0" numMethods="1" />
              <MetadataToken>100663320</MetadataToken>
              <Name>System.Void UtilitiesTests::TestNormalizedZero()</Name>
              <FileRef uid="2" />
              <SequencePoints>
                <SequencePoint vc="0" uspid="161" ordinal="0" offset="0" sl="211" sc="0" el="211" ec="0" bec="0" bev="0" fileid="2" />
                <SequencePoint vc="0" uspid="162" ordinal="0" offset="1" sl="212" sc="0" el="212" ec="0" bec="0" bev="0" fileid="2" />
                <SequencePoint vc="0" uspid="163" ordinal="0" offset="38" sl="213" sc="0" el="213" ec="0" bec="0" bev="0" fileid="2" />
                <SequencePoint vc="0" uspid="164" ordinal="0" offset="75" sl="215" sc="0" el="215" ec="0" bec="0" bev="0" fileid="2" />
                <SequencePoint vc="0" uspid="165" ordinal="0" offset="82" sl="216" sc="0" el="216" ec="0" bec="0" bev="0" fileid="2" />
                <SequencePoint vc="0" uspid="166" ordinal="0" offset="100" sl="217" sc="0" el="217" ec="0" bec="0" bev="0" fileid="2" />
              </SequencePoints>
              <BranchPoints />
            </Method>
            <Method visited="false" cyclomaticComplexity="0" nPathComplexity="0" sequenceCoverage="0.0" branchCoverage="0" crapScore="0" isConstructor="false" isStatic="false" isGetter="false" isSetter="false">
              <Summary numSequencePoints="7" visitedSequencePoints="0" numBranchPoints="0" visitedBranchPoints="0" sequenceCoverage="0.0" branchCoverage="0" maxCyclomaticComplexity="0" minCyclomaticComplexity="0" maxCrapScore="0" minCrapScore="0" visitedClasses="0" numClasses="0" visitedMethods="0" numMethods="1" />
              <MetadataToken>100663321</MetadataToken>
              <Name>System.Void UtilitiesTests::TestNormalize()</Name>
              <FileRef uid="2" />
              <SequencePoints>
                <SequencePoint vc="0" uspid="167" ordinal="0" offset="0" sl="220" sc="0" el="220" ec="0" bec="0" bev="0" fileid="2" />
                <SequencePoint vc="0" uspid="168" ordinal="0" offset="1" sl="221" sc="0" el="221" ec="0" bec="0" bev="0" fileid="2" />
                <SequencePoint vc="0" uspid="169" ordinal="0" offset="17" sl="222" sc="0" el="222" ec="0" bec="0" bev="0" fileid="2" />
                <SequencePoint vc="0" uspid="170" ordinal="0" offset="57" sl="223" sc="0" el="223" ec="0" bec="0" bev="0" fileid="2" />
                <SequencePoint vc="0" uspid="171" ordinal="0" offset="136" sl="225" sc="0" el="225" ec="0" bec="0" bev="0" fileid="2" />
                <SequencePoint vc="0" uspid="172" ordinal="0" offset="144" sl="226" sc="0" el="226" ec="0" bec="0" bev="0" fileid="2" />
                <SequencePoint vc="0" uspid="173" ordinal="0" offset="211" sl="231" sc="0" el="231" ec="0" bec="0" bev="0" fileid="2" />
              </SequencePoints>
              <BranchPoints />
            </Method>
            <Method visited="false" cyclomaticComplexity="0" nPathComplexity="0" sequenceCoverage="0.0" branchCoverage="0" crapScore="0" isConstructor="false" isStatic="false" isGetter="false" isSetter="false">
              <Summary numSequencePoints="6" visitedSequencePoints="0" numBranchPoints="0" visitedBranchPoints="0" sequenceCoverage="0.0" branchCoverage="0" maxCyclomaticComplexity="0" minCyclomaticComplexity="0" maxCrapScore="0" minCrapScore="0" visitedClasses="0" numClasses="0" visitedMethods="0" numMethods="1" />
              <MetadataToken>100663322</MetadataToken>
              <Name>System.Void UtilitiesTests::TestSqrd()</Name>
              <FileRef uid="2" />
              <SequencePoints>
                <SequencePoint vc="0" uspid="174" ordinal="0" offset="0" sl="234" sc="0" el="234" ec="0" bec="0" bev="0" fileid="2" />
                <SequencePoint vc="0" uspid="175" ordinal="0" offset="1" sl="235" sc="0" el="235" ec="0" bec="0" bev="0" fileid="2" />
                <SequencePoint vc="0" uspid="176" ordinal="0" offset="13" sl="236" sc="0" el="236" ec="0" bec="0" bev="0" fileid="2" />
                <SequencePoint vc="0" uspid="177" ordinal="0" offset="26" sl="238" sc="0" el="238" ec="0" bec="0" bev="0" fileid="2" />
                <SequencePoint vc="0" uspid="178" ordinal="0" offset="33" sl="239" sc="0" el="239" ec="0" bec="0" bev="0" fileid="2" />
                <SequencePoint vc="0" uspid="179" ordinal="0" offset="51" sl="240" sc="0" el="240" ec="0" bec="0" bev="0" fileid="2" />
              </SequencePoints>
              <BranchPoints />
            </Method>
            <Method visited="false" cyclomaticComplexity="0" nPathComplexity="0" sequenceCoverage="0.0" branchCoverage="0" crapScore="0" isConstructor="false" isStatic="false" isGetter="false" isSetter="false">
              <Summary numSequencePoints="6" visitedSequencePoints="0" numBranchPoints="0" visitedBranchPoints="0" sequenceCoverage="0.0" branchCoverage="0" maxCyclomaticComplexity="0" minCyclomaticComplexity="0" maxCrapScore="0" minCrapScore="0" visitedClasses="0" numClasses="0" visitedMethods="0" numMethods="1" />
              <MetadataToken>100663323</MetadataToken>
              <Name>System.Void UtilitiesTests::TestSqrdNegative()</Name>
              <FileRef uid="2" />
              <SequencePoints>
                <SequencePoint vc="0" uspid="180" ordinal="0" offset="0" sl="243" sc="0" el="243" ec="0" bec="0" bev="0" fileid="2" />
                <SequencePoint vc="0" uspid="181" ordinal="0" offset="1" sl="244" sc="0" el="244" ec="0" bec="0" bev="0" fileid="2" />
                <SequencePoint vc="0" uspid="182" ordinal="0" offset="14" sl="245" sc="0" el="245" ec="0" bec="0" bev="0" fileid="2" />
                <SequencePoint vc="0" uspid="183" ordinal="0" offset="27" sl="247" sc="0" el="247" ec="0" bec="0" bev="0" fileid="2" />
                <SequencePoint vc="0" uspid="184" ordinal="0" offset="34" sl="248" sc="0" el="248" ec="0" bec="0" bev="0" fileid="2" />
                <SequencePoint vc="0" uspid="185" ordinal="0" offset="52" sl="249" sc="0" el="249" ec="0" bec="0" bev="0" fileid="2" />
              </SequencePoints>
              <BranchPoints />
            </Method>
            <Method visited="false" cyclomaticComplexity="0" nPathComplexity="0" sequenceCoverage="0.0" branchCoverage="0" crapScore="0" isConstructor="false" isStatic="false" isGetter="false" isSetter="false">
              <Summary numSequencePoints="6" visitedSequencePoints="0" numBranchPoints="0" visitedBranchPoints="0" sequenceCoverage="0.0" branchCoverage="0" maxCyclomaticComplexity="0" minCyclomaticComplexity="0" maxCrapScore="0" minCrapScore="0" visitedClasses="0" numClasses="0" visitedMethods="0" numMethods="1" />
              <MetadataToken>100663324</MetadataToken>
              <Name>System.Void UtilitiesTests::TestSqrt()</Name>
              <FileRef uid="2" />
              <SequencePoints>
                <SequencePoint vc="0" uspid="186" ordinal="0" offset="0" sl="252" sc="0" el="252" ec="0" bec="0" bev="0" fileid="2" />
                <SequencePoint vc="0" uspid="187" ordinal="0" offset="1" sl="253" sc="0" el="253" ec="0" bec="0" bev="0" fileid="2" />
                <SequencePoint vc="0" uspid="188" ordinal="0" offset="14" sl="254" sc="0" el="254" ec="0" bec="0" bev="0" fileid="2" />
                <SequencePoint vc="0" uspid="189" ordinal="0" offset="26" sl="256" sc="0" el="256" ec="0" bec="0" bev="0" fileid="2" />
                <SequencePoint vc="0" uspid="190" ordinal="0" offset="33" sl="257" sc="0" el="257" ec="0" bec="0" bev="0" fileid="2" />
                <SequencePoint vc="0" uspid="191" ordinal="0" offset="51" sl="258" sc="0" el="258" ec="0" bec="0" bev="0" fileid="2" />
              </SequencePoints>
              <BranchPoints />
            </Method>
            <Method visited="false" cyclomaticComplexity="0" nPathComplexity="0" sequenceCoverage="0.0" branchCoverage="0" crapScore="0" isConstructor="false" isStatic="false" isGetter="false" isSetter="false">
              <Summary numSequencePoints="4" visitedSequencePoints="0" numBranchPoints="0" visitedBranchPoints="0" sequenceCoverage="0.0" branchCoverage="0" maxCyclomaticComplexity="0" minCyclomaticComplexity="0" maxCrapScore="0" minCrapScore="0" visitedClasses="0" numClasses="0" visitedMethods="0" numMethods="1" />
              <MetadataToken>100663325</MetadataToken>
              <Name>System.Void UtilitiesTests::TestSqrtZero()</Name>
              <FileRef uid="2" />
              <SequencePoints>
                <SequencePoint vc="0" uspid="192" ordinal="0" offset="6" sl="261" sc="0" el="261" ec="0" bec="0" bev="0" fileid="2" />
                <SequencePoint vc="0" uspid="193" ordinal="0" offset="7" sl="262" sc="0" el="262" ec="0" bec="0" bev="0" fileid="2" />
                <SequencePoint vc="0" uspid="194" ordinal="0" offset="23" sl="263" sc="0" el="263" ec="0" bec="0" bev="0" fileid="2" />
                <SequencePoint vc="0" uspid="195" ordinal="0" offset="41" sl="264" sc="0" el="264" ec="0" bec="0" bev="0" fileid="2" />
              </SequencePoints>
              <BranchPoints />
            </Method>
            <Method visited="false" cyclomaticComplexity="0" nPathComplexity="0" sequenceCoverage="0.0" branchCoverage="0" crapScore="0" isConstructor="false" isStatic="false" isGetter="false" isSetter="false">
              <Summary numSequencePoints="6" visitedSequencePoints="0" numBranchPoints="0" visitedBranchPoints="0" sequenceCoverage="0.0" branchCoverage="0" maxCyclomaticComplexity="0" minCyclomaticComplexity="0" maxCrapScore="0" minCrapScore="0" visitedClasses="0" numClasses="0" visitedMethods="0" numMethods="1" />
              <MetadataToken>100663326</MetadataToken>
              <Name>System.Void UtilitiesTests::TestToVector3()</Name>
              <FileRef uid="2" />
              <SequencePoints>
                <SequencePoint vc="0" uspid="196" ordinal="0" offset="0" sl="267" sc="0" el="267" ec="0" bec="0" bev="0" fileid="2" />
                <SequencePoint vc="0" uspid="197" ordinal="0" offset="1" sl="268" sc="0" el="268" ec="0" bec="0" bev="0" fileid="2" />
                <SequencePoint vc="0" uspid="198" ordinal="0" offset="40" sl="269" sc="0" el="269" ec="0" bec="0" bev="0" fileid="2" />
                <SequencePoint vc="0" uspid="199" ordinal="0" offset="62" sl="271" sc="0" el="271" ec="0" bec="0" bev="0" fileid="2" />
                <SequencePoint vc="0" uspid="200" ordinal="0" offset="69" sl="272" sc="0" el="272" ec="0" bec="0" bev="0" fileid="2" />
                <SequencePoint vc="0" uspid="201" ordinal="0" offset="87" sl="273" sc="0" el="273" ec="0" bec="0" bev="0" fileid="2" />
              </SequencePoints>
              <BranchPoints />
            </Method>
          </Methods>
        </Class>
        <Class>
          <Summary numSequencePoints="1" visitedSequencePoints="0" numBranchPoints="0" visitedBranchPoints="0" sequenceCoverage="0.0" branchCoverage="0.0" maxCyclomaticComplexity="0" minCyclomaticComplexity="0" maxCrapScore="0" minCrapScore="0" visitedClasses="0" numClasses="1" visitedMethods="0" numMethods="1" />
          <FullName>UtilitiesTests/&lt;&gt;c__DisplayClass23_0</FullName>
          <Methods>
            <Method visited="false" cyclomaticComplexity="0" nPathComplexity="0" sequenceCoverage="0.0" branchCoverage="0" crapScore="0" isConstructor="false" isStatic="false" isGetter="false" isSetter="false">
              <Summary numSequencePoints="1" visitedSequencePoints="0" numBranchPoints="0" visitedBranchPoints="0" sequenceCoverage="0.0" branchCoverage="0" maxCyclomaticComplexity="0" minCyclomaticComplexity="0" maxCrapScore="0" minCrapScore="0" visitedClasses="0" numClasses="0" visitedMethods="0" numMethods="1" />
              <MetadataToken>100663329</MetadataToken>
              <Name>System.Void UtilitiesTests/&lt;&gt;c__DisplayClass23_0::&lt;TestSqrtZero&gt;b__0()</Name>
              <FileRef uid="2" />
              <SequencePoints>
                <SequencePoint vc="0" uspid="202" ordinal="0" offset="0" sl="263" sc="0" el="263" ec="0" bec="0" bev="0" fileid="2" />
              </SequencePoints>
              <BranchPoints />
            </Method>
          </Methods>
        </Class>
      </Classes>
    </Module>
    <Module>
      <Summary numSequencePoints="74" visitedSequencePoints="2" numBranchPoints="0" visitedBranchPoints="0" sequenceCoverage="2.70" branchCoverage="0.0" maxCyclomaticComplexity="0" minCyclomaticComplexity="0" maxCrapScore="0" minCrapScore="0" visitedClasses="1" numClasses="3" visitedMethods="1" numMethods="11" />
      <ModuleTime>0001-01-01T00:00:00</ModuleTime>
      <ModuleName>Gen</ModuleName>
      <Files>
        <File uid="3" fullPath="C:/Users/jonma/SphereWorld/Assets/_SCRIPTS_/PersonController.cs" />
        <File uid="4" fullPath="C:/Users/jonma/SphereWorld/Assets/_SCRIPTS_/PhysObjController.cs" />
        <File uid="5" fullPath="C:/Users/jonma/SphereWorld/Assets/_SCRIPTS_/PhysWorld.cs" />
      </Files>
      <Classes>
        <Class>
          <Summary numSequencePoints="24" visitedSequencePoints="2" numBranchPoints="0" visitedBranchPoints="0" sequenceCoverage="8.33" branchCoverage="0.0" maxCyclomaticComplexity="0" minCyclomaticComplexity="0" maxCrapScore="0" minCrapScore="0" visitedClasses="1" numClasses="1" visitedMethods="1" numMethods="4" />
          <FullName>PersonController</FullName>
          <Methods>
            <Method visited="false" cyclomaticComplexity="0" nPathComplexity="0" sequenceCoverage="0.0" branchCoverage="0" crapScore="0" isConstructor="false" isStatic="false" isGetter="false" isSetter="false">
              <Summary numSequencePoints="13" visitedSequencePoints="0" numBranchPoints="0" visitedBranchPoints="0" sequenceCoverage="0.0" branchCoverage="0" maxCyclomaticComplexity="0" minCyclomaticComplexity="0" maxCrapScore="0" minCrapScore="0" visitedClasses="0" numClasses="0" visitedMethods="0" numMethods="1" />
              <MetadataToken>100663297</MetadataToken>
              <Name>System.Void PersonController::Awake()</Name>
              <FileRef uid="3" />
              <SequencePoints>
                <SequencePoint vc="0" uspid="203" ordinal="0" offset="0" sl="15" sc="0" el="15" ec="0" bec="0" bev="0" fileid="3" />
                <SequencePoint vc="0" uspid="204" ordinal="0" offset="1" sl="16" sc="0" el="16" ec="0" bec="0" bev="0" fileid="3" />
                <SequencePoint vc="0" uspid="205" ordinal="0" offset="13" sl="18" sc="0" el="18" ec="0" bec="0" bev="0" fileid="3" />
                <SequencePoint vc="0" uspid="206" ordinal="0" offset="24" sl="24" sc="0" el="24" ec="0" bec="0" bev="0" fileid="3" />
                <SequencePoint vc="0" uspid="207" ordinal="0" offset="67" sl="25" sc="0" el="25" ec="0" bec="0" bev="0" fileid="3" />
                <SequencePoint vc="0" uspid="208" ordinal="0" offset="79" sl="26" sc="0" el="26" ec="0" bec="0" bev="0" fileid="3" />
                <SequencePoint vc="0" uspid="209" ordinal="0" offset="92" sl="28" sc="0" el="28" ec="0" bec="0" bev="0" fileid="3" />
                <SequencePoint vc="0" uspid="210" ordinal="0" offset="141" sl="29" sc="0" el="29" ec="0" bec="0" bev="0" fileid="3" />
                <SequencePoint vc="0" uspid="211" ordinal="0" offset="198" sl="30" sc="0" el="30" ec="0" bec="0" bev="0" fileid="3" />
                <SequencePoint vc="0" uspid="212" ordinal="0" offset="211" sl="32" sc="0" el="32" ec="0" bec="0" bev="0" fileid="3" />
                <SequencePoint vc="0" uspid="213" ordinal="0" offset="241" sl="33" sc="0" el="33" ec="0" bec="0" bev="0" fileid="3" />
                <SequencePoint vc="0" uspid="214" ordinal="0" offset="248" sl="34" sc="0" el="34" ec="0" bec="0" bev="0" fileid="3" />
                <SequencePoint vc="0" uspid="215" ordinal="0" offset="260" sl="35" sc="0" el="35" ec="0" bec="0" bev="0" fileid="3" />
              </SequencePoints>
              <BranchPoints />
            </Method>
            <Method visited="false" cyclomaticComplexity="0" nPathComplexity="0" sequenceCoverage="0.0" branchCoverage="0" crapScore="0" isConstructor="false" isStatic="false" isGetter="false" isSetter="false">
              <Summary numSequencePoints="6" visitedSequencePoints="0" numBranchPoints="0" visitedBranchPoints="0" sequenceCoverage="0.0" branchCoverage="0" maxCyclomaticComplexity="0" minCyclomaticComplexity="0" maxCrapScore="0" minCrapScore="0" visitedClasses="0" numClasses="0" visitedMethods="0" numMethods="1" />
              <MetadataToken>100663298</MetadataToken>
              <Name>System.Void PersonController::Update()</Name>
              <FileRef uid="3" />
              <SequencePoints>
                <SequencePoint vc="0" uspid="216" ordinal="0" offset="0" sl="39" sc="0" el="39" ec="0" bec="0" bev="0" fileid="3" />
                <SequencePoint vc="0" uspid="217" ordinal="0" offset="1" sl="41" sc="0" el="41" ec="0" bec="0" bev="0" fileid="3" />
                <SequencePoint vc="0" uspid="218" ordinal="0" offset="61" sl="43" sc="0" el="43" ec="0" bec="0" bev="0" fileid="3" />
                <SequencePoint vc="0" uspid="219" ordinal="0" offset="75" sl="44" sc="0" el="44" ec="0" bec="0" bev="0" fileid="3" />
                <SequencePoint vc="0" uspid="220" ordinal="0" offset="82" sl="46" sc="0" el="46" ec="0" bec="0" bev="0" fileid="3" />
                <SequencePoint vc="0" uspid="221" ordinal="0" offset="104" sl="47" sc="0" el="47" ec="0" bec="0" bev="0" fileid="3" />
              </SequencePoints>
              <BranchPoints />
            </Method>
            <Method visited="false" cyclomaticComplexity="0" nPathComplexity="0" sequenceCoverage="0.0" branchCoverage="0" crapScore="0" isConstructor="false" isStatic="false" isGetter="false" isSetter="false">
              <Summary numSequencePoints="3" visitedSequencePoints="0" numBranchPoints="0" visitedBranchPoints="0" sequenceCoverage="0.0" branchCoverage="0" maxCyclomaticComplexity="0" minCyclomaticComplexity="0" maxCrapScore="0" minCrapScore="0" visitedClasses="0" numClasses="0" visitedMethods="0" numMethods="1" />
              <MetadataToken>100663299</MetadataToken>
              <Name>System.Void PersonController::Jump()</Name>
              <FileRef uid="3" />
              <SequencePoints>
                <SequencePoint vc="0" uspid="222" ordinal="0" offset="0" sl="49" sc="0" el="49" ec="0" bec="0" bev="0" fileid="3" />
                <SequencePoint vc="0" uspid="223" ordinal="0" offset="1" sl="50" sc="0" el="50" ec="0" bec="0" bev="0" fileid="3" />
                <SequencePoint vc="0" uspid="224" ordinal="0" offset="30" sl="51" sc="0" el="51" ec="0" bec="0" bev="0" fileid="3" />
              </SequencePoints>
              <BranchPoints />
            </Method>
            <Method visited="true" cyclomaticComplexity="0" nPathComplexity="0" sequenceCoverage="100.0" branchCoverage="0" crapScore="0" isConstructor="true" isStatic="false" isGetter="false" isSetter="false">
              <Summary numSequencePoints="2" visitedSequencePoints="2" numBranchPoints="0" visitedBranchPoints="0" sequenceCoverage="100.0" branchCoverage="0" maxCyclomaticComplexity="0" minCyclomaticComplexity="0" maxCrapScore="0" minCrapScore="0" visitedClasses="0" numClasses="0" visitedMethods="1" numMethods="1" />
              <MetadataToken>100663300</MetadataToken>
              <Name>PersonController::PersonController()</Name>
              <FileRef uid="3" />
              <SequencePoints>
                <SequencePoint vc="1" uspid="225" ordinal="0" offset="0" sl="11" sc="5" el="11" ec="5" bec="0" bev="0" fileid="3" />
                <SequencePoint vc="1" uspid="226" ordinal="0" offset="11" sl="12" sc="5" el="12" ec="5" bec="0" bev="0" fileid="3" />
              </SequencePoints>
              <BranchPoints />
            </Method>
          </Methods>
        </Class>
        <Class>
          <Summary numSequencePoints="9" visitedSequencePoints="0" numBranchPoints="0" visitedBranchPoints="0" sequenceCoverage="0.0" branchCoverage="0.0" maxCyclomaticComplexity="0" minCyclomaticComplexity="0" maxCrapScore="0" minCrapScore="0" visitedClasses="0" numClasses="1" visitedMethods="0" numMethods="3" />
          <FullName>PhysObjController</FullName>
          <Methods>
            <Method visited="false" cyclomaticComplexity="0" nPathComplexity="0" sequenceCoverage="0.0" branchCoverage="0" crapScore="0" isConstructor="false" isStatic="false" isGetter="false" isSetter="false">
              <Summary numSequencePoints="2" visitedSequencePoints="0" numBranchPoints="0" visitedBranchPoints="0" sequenceCoverage="0.0" branchCoverage="0" maxCyclomaticComplexity="0" minCyclomaticComplexity="0" maxCrapScore="0" minCrapScore="0" visitedClasses="0" numClasses="0" visitedMethods="0" numMethods="1" />
              <MetadataToken>100663301</MetadataToken>
              <Name>System.Void PhysObjController::Start()</Name>
              <FileRef uid="4" />
              <SequencePoints>
                <SequencePoint vc="0" uspid="227" ordinal="0" offset="0" sl="11" sc="0" el="11" ec="0" bec="0" bev="0" fileid="4" />
                <SequencePoint vc="0" uspid="228" ordinal="0" offset="1" sl="13" sc="0" el="13" ec="0" bec="0" bev="0" fileid="4" />
              </SequencePoints>
              <BranchPoints />
            </Method>
            <Method visited="false" cyclomaticComplexity="0" nPathComplexity="0" sequenceCoverage="0.0" branchCoverage="0" crapScore="0" isConstructor="false" isStatic="false" isGetter="false" isSetter="false">
              <Summary numSequencePoints="4" visitedSequencePoints="0" numBranchPoints="0" visitedBranchPoints="0" sequenceCoverage="0.0" branchCoverage="0" maxCyclomaticComplexity="0" minCyclomaticComplexity="0" maxCrapScore="0" minCrapScore="0" visitedClasses="0" numClasses="0" visitedMethods="0" numMethods="1" />
              <MetadataToken>100663302</MetadataToken>
              <Name>System.Void PhysObjController::Update()</Name>
              <FileRef uid="4" />
              <SequencePoints>
                <SequencePoint vc="0" uspid="229" ordinal="0" offset="0" sl="16" sc="0" el="16" ec="0" bec="0" bev="0" fileid="4" />
                <SequencePoint vc="0" uspid="230" ordinal="0" offset="1" sl="18" sc="0" el="18" ec="0" bec="0" bev="0" fileid="4" />
                <SequencePoint vc="0" uspid="231" ordinal="0" offset="89" sl="23" sc="0" el="23" ec="0" bec="0" bev="0" fileid="4" />
                <SequencePoint vc="0" uspid="232" ordinal="0" offset="107" sl="24" sc="0" el="24" ec="0" bec="0" bev="0" fileid="4" />
              </SequencePoints>
              <BranchPoints />
            </Method>
            <Method visited="false" cyclomaticComplexity="0" nPathComplexity="0" sequenceCoverage="0.0" branchCoverage="0" crapScore="0" isConstructor="false" isStatic="false" isGetter="false" isSetter="false">
              <Summary numSequencePoints="3" visitedSequencePoints="0" numBranchPoints="0" visitedBranchPoints="0" sequenceCoverage="0.0" branchCoverage="0" maxCyclomaticComplexity="0" minCyclomaticComplexity="0" maxCrapScore="0" minCrapScore="0" visitedClasses="0" numClasses="0" visitedMethods="0" numMethods="1" />
              <MetadataToken>100663303</MetadataToken>
              <Name>System.Void PhysObjController::setPhysObject(SepM.Physics.PhysObject)</Name>
              <FileRef uid="4" />
              <SequencePoints>
                <SequencePoint vc="0" uspid="233" ordinal="0" offset="0" sl="26" sc="0" el="26" ec="0" bec="0" bev="0" fileid="4" />
                <SequencePoint vc="0" uspid="234" ordinal="0" offset="1" sl="27" sc="0" el="27" ec="0" bec="0" bev="0" fileid="4" />
                <SequencePoint vc="0" uspid="235" ordinal="0" offset="8" sl="28" sc="0" el="28" ec="0" bec="0" bev="0" fileid="4" />
              </SequencePoints>
              <BranchPoints />
            </Method>
          </Methods>
        </Class>
        <Class>
          <Summary numSequencePoints="41" visitedSequencePoints="0" numBranchPoints="0" visitedBranchPoints="0" sequenceCoverage="0.0" branchCoverage="0.0" maxCyclomaticComplexity="0" minCyclomaticComplexity="0" maxCrapScore="0" minCrapScore="0" visitedClasses="0" numClasses="1" visitedMethods="0" numMethods="4" />
          <FullName>PhysWorld</FullName>
          <Methods>
            <Method visited="false" cyclomaticComplexity="0" nPathComplexity="0" sequenceCoverage="0.0" branchCoverage="0" crapScore="0" isConstructor="false" isStatic="false" isGetter="false" isSetter="false">
              <Summary numSequencePoints="19" visitedSequencePoints="0" numBranchPoints="0" visitedBranchPoints="0" sequenceCoverage="0.0" branchCoverage="0" maxCyclomaticComplexity="0" minCyclomaticComplexity="0" maxCrapScore="0" minCrapScore="0" visitedClasses="0" numClasses="0" visitedMethods="0" numMethods="1" />
              <MetadataToken>100663305</MetadataToken>
              <Name>System.Void PhysWorld::AddObject(SepM.Physics.PhysObject)</Name>
              <FileRef uid="5" />
              <SequencePoints>
                <SequencePoint vc="0" uspid="236" ordinal="0" offset="0" sl="11" sc="0" el="11" ec="0" bec="0" bev="0" fileid="5" />
                <SequencePoint vc="0" uspid="237" ordinal="0" offset="1" sl="13" sc="0" el="13" ec="0" bec="0" bev="0" fileid="5" />
                <SequencePoint vc="0" uspid="238" ordinal="0" offset="19" sl="13" sc="0" el="13" ec="0" bec="0" bev="0" fileid="5" />
                <SequencePoint vc="0" uspid="239" ordinal="0" offset="20" sl="14" sc="0" el="14" ec="0" bec="0" bev="0" fileid="5" />
                <SequencePoint vc="0" uspid="240" ordinal="0" offset="27" sl="15" sc="0" el="15" ec="0" bec="0" bev="0" fileid="5" />
                <SequencePoint vc="0" uspid="241" ordinal="0" offset="50" sl="16" sc="0" el="16" ec="0" bec="0" bev="0" fileid="5" />
                <SequencePoint vc="0" uspid="242" ordinal="0" offset="73" sl="17" sc="0" el="17" ec="0" bec="0" bev="0" fileid="5" />
                <SequencePoint vc="0" uspid="243" ordinal="0" offset="76" sl="18" sc="0" el="18" ec="0" bec="0" bev="0" fileid="5" />
                <SequencePoint vc="0" uspid="244" ordinal="0" offset="77" sl="19" sc="0" el="19" ec="0" bec="0" bev="0" fileid="5" />
                <SequencePoint vc="0" uspid="245" ordinal="0" offset="84" sl="20" sc="0" el="20" ec="0" bec="0" bev="0" fileid="5" />
                <SequencePoint vc="0" uspid="246" ordinal="0" offset="97" sl="21" sc="0" el="21" ec="0" bec="0" bev="0" fileid="5" />
                <SequencePoint vc="0" uspid="247" ordinal="0" offset="111" sl="22" sc="0" el="22" ec="0" bec="0" bev="0" fileid="5" />
                <SequencePoint vc="0" uspid="248" ordinal="0" offset="132" sl="23" sc="0" el="23" ec="0" bec="0" bev="0" fileid="5" />
                <SequencePoint vc="0" uspid="249" ordinal="0" offset="146" sl="24" sc="0" el="24" ec="0" bec="0" bev="0" fileid="5" />
                <SequencePoint vc="0" uspid="250" ordinal="0" offset="170" sl="25" sc="0" el="25" ec="0" bec="0" bev="0" fileid="5" />
                <SequencePoint vc="0" uspid="251" ordinal="0" offset="171" sl="26" sc="0" el="26" ec="0" bec="0" bev="0" fileid="5" />
                <SequencePoint vc="0" uspid="252" ordinal="0" offset="178" sl="27" sc="0" el="27" ec="0" bec="0" bev="0" fileid="5" />
                <SequencePoint vc="0" uspid="253" ordinal="0" offset="186" sl="29" sc="0" el="29" ec="0" bec="0" bev="0" fileid="5" />
                <SequencePoint vc="0" uspid="254" ordinal="0" offset="199" sl="30" sc="0" el="30" ec="0" bec="0" bev="0" fileid="5" />
              </SequencePoints>
              <BranchPoints />
            </Method>
            <Method visited="false" cyclomaticComplexity="0" nPathComplexity="0" sequenceCoverage="0.0" branchCoverage="0" crapScore="0" isConstructor="false" isStatic="false" isGetter="false" isSetter="false">
              <Summary numSequencePoints="2" visitedSequencePoints="0" numBranchPoints="0" visitedBranchPoints="0" sequenceCoverage="0.0" branchCoverage="0" maxCyclomaticComplexity="0" minCyclomaticComplexity="0" maxCrapScore="0" minCrapScore="0" visitedClasses="0" numClasses="0" visitedMethods="0" numMethods="1" />
              <MetadataToken>100663306</MetadataToken>
              <Name>System.Void PhysWorld::RemoveObject(SepM.Physics.PhysObject)</Name>
              <FileRef uid="5" />
              <SequencePoints>
                <SequencePoint vc="0" uspid="255" ordinal="0" offset="0" sl="31" sc="0" el="31" ec="0" bec="0" bev="0" fileid="5" />
                <SequencePoint vc="0" uspid="256" ordinal="0" offset="1" sl="31" sc="0" el="31" ec="0" bec="0" bev="0" fileid="5" />
              </SequencePoints>
              <BranchPoints />
            </Method>
            <Method visited="false" cyclomaticComplexity="0" nPathComplexity="0" sequenceCoverage="0.0" branchCoverage="0" crapScore="0" isConstructor="false" isStatic="false" isGetter="false" isSetter="false">
              <Summary numSequencePoints="18" visitedSequencePoints="0" numBranchPoints="0" visitedBranchPoints="0" sequenceCoverage="0.0" branchCoverage="0" maxCyclomaticComplexity="0" minCyclomaticComplexity="0" maxCrapScore="0" minCrapScore="0" visitedClasses="0" numClasses="0" visitedMethods="0" numMethods="1" />
              <MetadataToken>100663307</MetadataToken>
              <Name>System.Void PhysWorld::Step(Unity.Mathematics.FixedPoint.fp)</Name>
              <FileRef uid="5" />
              <SequencePoints>
                <SequencePoint vc="0" uspid="257" ordinal="0" offset="0" sl="34" sc="0" el="34" ec="0" bec="0" bev="0" fileid="5" />
                <SequencePoint vc="0" uspid="258" ordinal="0" offset="1" sl="35" sc="0" el="35" ec="0" bec="0" bev="0" fileid="5" />
                <SequencePoint vc="0" uspid="259" ordinal="0" offset="2" sl="35" sc="0" el="35" ec="0" bec="0" bev="0" fileid="5" />
                <SequencePoint vc="0" uspid="260" ordinal="0" offset="19" sl="35" sc="0" el="35" ec="0" bec="0" bev="0" fileid="5" />
                <SequencePoint vc="0" uspid="261" ordinal="0" offset="27" sl="35" sc="0" el="35" ec="0" bec="0" bev="0" fileid="5" />
                <SequencePoint vc="0" uspid="262" ordinal="0" offset="28" sl="36" sc="0" el="36" ec="0" bec="0" bev="0" fileid="5" />
                <SequencePoint vc="0" uspid="263" ordinal="0" offset="35" sl="37" sc="0" el="37" ec="0" bec="0" bev="0" fileid="5" />
                <SequencePoint vc="0" uspid="264" ordinal="0" offset="42" sl="38" sc="0" el="38" ec="0" bec="0" bev="0" fileid="5" />
                <SequencePoint vc="0" uspid="265" ordinal="0" offset="50" sl="39" sc="0" el="39" ec="0" bec="0" bev="0" fileid="5" />
                <SequencePoint vc="0" uspid="266" ordinal="0" offset="63" sl="42" sc="0" el="42" ec="0" bec="0" bev="0" fileid="5" />
                <SequencePoint vc="0" uspid="267" ordinal="0" offset="83" sl="43" sc="0" el="43" ec="0" bec="0" bev="0" fileid="5" />
                <SequencePoint vc="0" uspid="268" ordinal="0" offset="106" sl="44" sc="0" el="44" ec="0" bec="0" bev="0" fileid="5" />
                <SequencePoint vc="0" uspid="269" ordinal="0" offset="123" sl="46" sc="0" el="46" ec="0" bec="0" bev="0" fileid="5" />
                <SequencePoint vc="0" uspid="270" ordinal="0" offset="131" sl="47" sc="0" el="47" ec="0" bec="0" bev="0" fileid="5" />
                <SequencePoint vc="0" uspid="271" ordinal="0" offset="144" sl="48" sc="0" el="48" ec="0" bec="0" bev="0" fileid="5" />
                <SequencePoint vc="0" uspid="272" ordinal="0" offset="155" sl="49" sc="0" el="49" ec="0" bec="0" bev="0" fileid="5" />
                <SequencePoint vc="0" uspid="273" ordinal="0" offset="156" sl="35" sc="0" el="35" ec="0" bec="0" bev="0" fileid="5" />
                <SequencePoint vc="0" uspid="274" ordinal="0" offset="185" sl="50" sc="0" el="50" ec="0" bec="0" bev="0" fileid="5" />
              </SequencePoints>
              <BranchPoints />
            </Method>
            <Method visited="false" cyclomaticComplexity="0" nPathComplexity="0" sequenceCoverage="0.0" branchCoverage="0" crapScore="0" isConstructor="true" isStatic="false" isGetter="false" isSetter="false">
              <Summary numSequencePoints="2" visitedSequencePoints="0" numBranchPoints="0" visitedBranchPoints="0" sequenceCoverage="0.0" branchCoverage="0" maxCyclomaticComplexity="0" minCyclomaticComplexity="0" maxCrapScore="0" minCrapScore="0" visitedClasses="0" numClasses="0" visitedMethods="0" numMethods="1" />
              <MetadataToken>100663308</MetadataToken>
              <Name>PhysWorld::PhysWorld()</Name>
              <FileRef uid="5" />
              <SequencePoints>
                <SequencePoint vc="0" uspid="275" ordinal="0" offset="0" sl="8" sc="0" el="8" ec="0" bec="0" bev="0" fileid="5" />
                <SequencePoint vc="0" uspid="276" ordinal="0" offset="11" sl="9" sc="0" el="9" ec="0" bec="0" bev="0" fileid="5" />
              </SequencePoints>
              <BranchPoints />
            </Method>
          </Methods>
        </Class>
      </Classes>
    </Module>
    <Module>
      <Summary numSequencePoints="193" visitedSequencePoints="38" numBranchPoints="0" visitedBranchPoints="0" sequenceCoverage="19.69" branchCoverage="0.0" maxCyclomaticComplexity="0" minCyclomaticComplexity="0" maxCrapScore="0" minCrapScore="0" visitedClasses="4" numClasses="7" visitedMethods="7" numMethods="28" />
      <ModuleTime>0001-01-01T00:00:00</ModuleTime>
      <ModuleName>SepM.Physics</ModuleName>
      <Files>
        <File uid="6" fullPath="C:/Users/jonma/SphereWorld/Assets/_SCRIPTS_/Physics/PhysObject.cs" />
        <File uid="7" fullPath="C:/Users/jonma/SphereWorld/Assets/_SCRIPTS_/Physics/algo.cs" />
      </Files>
      <Classes>
        <Class>
          <Summary numSequencePoints="1" visitedSequencePoints="1" numBranchPoints="0" visitedBranchPoints="0" sequenceCoverage="100.0" branchCoverage="0.0" maxCyclomaticComplexity="0" minCyclomaticComplexity="0" maxCrapScore="0" minCrapScore="0" visitedClasses="1" numClasses="1" visitedMethods="1" numMethods="1" />
          <FullName>SepM.Physics.CollisionPoints</FullName>
          <Methods>
            <Method visited="true" cyclomaticComplexity="0" nPathComplexity="0" sequenceCoverage="100.0" branchCoverage="0" crapScore="0" isConstructor="true" isStatic="true" isGetter="false" isSetter="false">
              <Summary numSequencePoints="1" visitedSequencePoints="1" numBranchPoints="0" visitedBranchPoints="0" sequenceCoverage="100.0" branchCoverage="0" maxCyclomaticComplexity="0" minCyclomaticComplexity="0" maxCrapScore="0" minCrapScore="0" visitedClasses="0" numClasses="0" visitedMethods="1" numMethods="1" />
              <MetadataToken>100663297</MetadataToken>
              <Name>static SepM.Physics.CollisionPoints::CollisionPoints()</Name>
              <FileRef uid="6" />
              <SequencePoints>
                <SequencePoint vc="1" uspid="277" ordinal="0" offset="0" sl="14" sc="9" el="14" ec="9" bec="0" bev="0" fileid="6" />
              </SequencePoints>
              <BranchPoints />
            </Method>
          </Methods>
        </Class>
        <Class>
          <Summary numSequencePoints="40" visitedSequencePoints="18" numBranchPoints="0" visitedBranchPoints="0" sequenceCoverage="45.00" branchCoverage="0.0" maxCyclomaticComplexity="0" minCyclomaticComplexity="0" maxCrapScore="0" minCrapScore="0" visitedClasses="1" numClasses="1" visitedMethods="3" numMethods="5" />
          <FullName>SepM.Physics.PhysTransform</FullName>
          <Methods>
            <Method visited="true" cyclomaticComplexity="0" nPathComplexity="0" sequenceCoverage="62.50" branchCoverage="0" crapScore="0" isConstructor="false" isStatic="false" isGetter="false" isSetter="false">
              <Summary numSequencePoints="8" visitedSequencePoints="5" numBranchPoints="0" visitedBranchPoints="0" sequenceCoverage="62.50" branchCoverage="0" maxCyclomaticComplexity="0" minCyclomaticComplexity="0" maxCrapScore="0" minCrapScore="0" visitedClasses="0" numClasses="0" visitedMethods="1" numMethods="1" />
              <MetadataToken>100663300</MetadataToken>
              <Name>Unity.Mathematics.FixedPoint.fp3 SepM.Physics.PhysTransform::WorldPosition()</Name>
              <FileRef uid="6" />
              <SequencePoints>
                <SequencePoint vc="2" uspid="278" ordinal="0" offset="0" sl="45" sc="35" el="45" ec="35" bec="0" bev="0" fileid="6" />
                <SequencePoint vc="2" uspid="279" ordinal="0" offset="1" sl="46" sc="13" el="46" ec="13" bec="0" bev="0" fileid="6" />
                <SequencePoint vc="2" uspid="280" ordinal="0" offset="7" sl="48" sc="13" el="48" ec="13" bec="0" bev="0" fileid="6" />
                <SequencePoint vc="0" uspid="281" ordinal="0" offset="23" sl="48" sc="38" el="48" ec="38" bec="0" bev="0" fileid="6" />
                <SequencePoint vc="0" uspid="282" ordinal="0" offset="24" sl="49" sc="17" el="49" ec="17" bec="0" bev="0" fileid="6" />
                <SequencePoint vc="0" uspid="283" ordinal="0" offset="36" sl="50" sc="13" el="50" ec="13" bec="0" bev="0" fileid="6" />
                <SequencePoint vc="2" uspid="284" ordinal="0" offset="37" sl="52" sc="13" el="52" ec="13" bec="0" bev="0" fileid="6" />
                <SequencePoint vc="2" uspid="285" ordinal="0" offset="52" sl="53" sc="9" el="53" ec="9" bec="0" bev="0" fileid="6" />
              </SequencePoints>
              <BranchPoints />
            </Method>
            <Method visited="false" cyclomaticComplexity="0" nPathComplexity="0" sequenceCoverage="0.0" branchCoverage="0" crapScore="0" isConstructor="false" isStatic="false" isGetter="false" isSetter="false">
              <Summary numSequencePoints="8" visitedSequencePoints="0" numBranchPoints="0" visitedBranchPoints="0" sequenceCoverage="0.0" branchCoverage="0" maxCyclomaticComplexity="0" minCyclomaticComplexity="0" maxCrapScore="0" minCrapScore="0" visitedClasses="0" numClasses="0" visitedMethods="0" numMethods="1" />
              <MetadataToken>100663301</MetadataToken>
              <Name>SepM.Math.fpq SepM.Physics.PhysTransform::WorldRotation()</Name>
              <FileRef uid="6" />
              <SequencePoints>
[...]
              <FileRef uid="8" />
              <SequencePoints>
                <SequencePoint vc="0" uspid="492" ordinal="0" offset="0" sl="40" sc="0" el="40" ec="0" bec="0" bev="0" fileid="8" />
                <SequencePoint vc="0" uspid="493" ordinal="0" offset="1" sl="41" sc="0" el="41" ec="0" bec="0" bev="0" fileid="8" />
                <SequencePoint vc="0" uspid="494" ordinal="0" offset="8" sl="42" sc="0" el="42" ec="0" bec="0" bev="0" fileid="8" />
                <SequencePoint vc="0" uspid="495" ordinal="0" offset="44" sl="42" sc="0" el="42" ec="0" bec="0" bev="0" fileid="8" />
                <SequencePoint vc="0" uspid="496" ordinal="0" offset="51" sl="44" sc="0" el="44" ec="0" bec="0" bev="0" fileid="8" />
                <SequencePoint vc="0" uspid="497" ordinal="0" offset="55" sl="45" sc="0" el="45" ec="0" bec="0" bev="0" fileid="8" />
              </SequencePoints>
              <BranchPoints />
            </Method>
            <Method visited="true" cyclomaticComplexity="0" nPathComplexity="0" sequenceCoverage="75.00" branchCoverage="0" crapScore="0" isConstructor="false" isStatic="true" isGetter="false" isSetter="false">
              <Summary numSequencePoints="8" visitedSequencePoints="6" numBranchPoints="0" visitedBranchPoints="0" sequenceCoverage="75.00" branchCoverage="0" maxCyclomaticComplexity="0" minCyclomaticComplexity="0" maxCrapScore="0" minCrapScore="0" visitedClasses="0" numClasses="0" visitedMethods="1" numMethods="1" />
              <MetadataToken>100663303</MetadataToken>
              <Name>static Unity.Mathematics.FixedPoint.fp SepM.Utils.Utilities::major(Unity.Mathematics.FixedPoint.fp3)</Name>
              <FileRef uid="8" />
              <SequencePoints>
                <SequencePoint vc="2" uspid="498" ordinal="0" offset="0" sl="47" sc="45" el="47" ec="45" bec="0" bev="0" fileid="8" />
                <SequencePoint vc="2" uspid="499" ordinal="0" offset="1" sl="48" sc="13" el="48" ec="13" bec="0" bev="0" fileid="8" />
                <SequencePoint vc="2" uspid="500" ordinal="0" offset="8" sl="49" sc="13" el="49" ec="13" bec="0" bev="0" fileid="8" />
                <SequencePoint vc="0" uspid="501" ordinal="0" offset="44" sl="49" sc="66" el="49" ec="66" bec="0" bev="0" fileid="8" />
                <SequencePoint vc="2" uspid="502" ordinal="0" offset="51" sl="50" sc="13" el="50" ec="13" bec="0" bev="0" fileid="8" />
                <SequencePoint vc="0" uspid="503" ordinal="0" offset="87" sl="50" sc="66" el="50" ec="66" bec="0" bev="0" fileid="8" />
                <SequencePoint vc="2" uspid="504" ordinal="0" offset="94" sl="52" sc="13" el="52" ec="13" bec="0" bev="0" fileid="8" />
                <SequencePoint vc="2" uspid="505" ordinal="0" offset="98" sl="53" sc="9" el="53" ec="9" bec="0" bev="0" fileid="8" />
              </SequencePoints>
              <BranchPoints />
            </Method>
            <Method visited="false" cyclomaticComplexity="0" nPathComplexity="0" sequenceCoverage="0.0" branchCoverage="0" crapScore="0" isConstructor="false" isStatic="true" isGetter="false" isSetter="false">
              <Summary numSequencePoints="4" visitedSequencePoints="0" numBranchPoints="0" visitedBranchPoints="0" sequenceCoverage="0.0" branchCoverage="0" maxCyclomaticComplexity="0" minCyclomaticComplexity="0" maxCrapScore="0" minCrapScore="0" visitedClasses="0" numClasses="0" visitedMethods="0" numMethods="1" />
              <MetadataToken>100663304</MetadataToken>
              <Name>static System.Void SepM.Utils.Utilities::normalize(Unity.Mathematics.FixedPoint.fp3&amp;)</Name>
              <FileRef uid="8" />
              <SequencePoints>
                <SequencePoint vc="0" uspid="506" ordinal="0" offset="0" sl="56" sc="0" el="56" ec="0" bec="0" bev="0" fileid="8" />
                <SequencePoint vc="0" uspid="507" ordinal="0" offset="1" sl="57" sc="0" el="57" ec="0" bec="0" bev="0" fileid="8" />
                <SequencePoint vc="0" uspid="508" ordinal="0" offset="13" sl="58" sc="0" el="58" ec="0" bec="0" bev="0" fileid="8" />
                <SequencePoint vc="0" uspid="509" ordinal="0" offset="20" sl="59" sc="0" el="59" ec="0" bec="0" bev="0" fileid="8" />
              </SequencePoints>
              <BranchPoints />
            </Method>
            <Method visited="false" cyclomaticComplexity="0" nPathComplexity="0" sequenceCoverage="0.0" branchCoverage="0" crapScore="0" isConstructor="false" isStatic="true" isGetter="false" isSetter="false">
              <Summary numSequencePoints="7" visitedSequencePoints="0" numBranchPoints="0" visitedBranchPoints="0" sequenceCoverage="0.0" branchCoverage="0" maxCyclomaticComplexity="0" minCyclomaticComplexity="0" maxCrapScore="0" minCrapScore="0" visitedClasses="0" numClasses="0" visitedMethods="0" numMethods="1" />
              <MetadataToken>100663305</MetadataToken>
              <Name>static Unity.Mathematics.FixedPoint.fp3 SepM.Utils.Utilities::normalized(Unity.Mathematics.FixedPoint.fp3)</Name>
              <FileRef uid="8" />
              <SequencePoints>
                <SequencePoint vc="0" uspid="510" ordinal="0" offset="0" sl="62" sc="0" el="62" ec="0" bec="0" bev="0" fileid="8" />
                <SequencePoint vc="0" uspid="511" ordinal="0" offset="1" sl="63" sc="0" el="63" ec="0" bec="0" bev="0" fileid="8" />
                <SequencePoint vc="0" uspid="512" ordinal="0" offset="8" sl="65" sc="0" el="65" ec="0" bec="0" bev="0" fileid="8" />
                <SequencePoint vc="0" uspid="513" ordinal="0" offset="28" sl="66" sc="0" el="66" ec="0" bec="0" bev="0" fileid="8" />
                <SequencePoint vc="0" uspid="514" ordinal="0" offset="36" sl="68" sc="0" el="68" ec="0" bec="0" bev="0" fileid="8" />
                <SequencePoint vc="0" uspid="515" ordinal="0" offset="49" sl="70" sc="0" el="70" ec="0" bec="0" bev="0" fileid="8" />
                <SequencePoint vc="0" uspid="516" ordinal="0" offset="53" sl="71" sc="0" el="71" ec="0" bec="0" bev="0" fileid="8" />
              </SequencePoints>
              <BranchPoints />
            </Method>
            <Method visited="false" cyclomaticComplexity="0" nPathComplexity="0" sequenceCoverage="0.0" branchCoverage="0" crapScore="0" isConstructor="false" isStatic="true" isGetter="false" isSetter="false">
              <Summary numSequencePoints="5" visitedSequencePoints="0" numBranchPoints="0" visitedBranchPoints="0" sequenceCoverage="0.0" branchCoverage="0" maxCyclomaticComplexity="0" minCyclomaticComplexity="0" maxCrapScore="0" minCrapScore="0" visitedClasses="0" numClasses="0" visitedMethods="0" numMethods="1" />
              <MetadataToken>100663306</MetadataToken>
              <Name>static Unity.Mathematics.FixedPoint.fp3 SepM.Utils.Utilities::multiply(Unity.Mathematics.FixedPoint.fp3, SepM.Math.fpq)</Name>
              <FileRef uid="8" />
              <SequencePoints>
                <SequencePoint vc="0" uspid="517" ordinal="0" offset="0" sl="73" sc="0" el="73" ec="0" bec="0" bev="0" fileid="8" />
                <SequencePoint vc="0" uspid="518" ordinal="0" offset="1" sl="74" sc="0" el="74" ec="0" bec="0" bev="0" fileid="8" />
                <SequencePoint vc="0" uspid="519" ordinal="0" offset="26" sl="75" sc="0" el="75" ec="0" bec="0" bev="0" fileid="8" />
                <SequencePoint vc="0" uspid="520" ordinal="0" offset="33" sl="77" sc="0" el="77" ec="0" bec="0" bev="0" fileid="8" />
                <SequencePoint vc="0" uspid="521" ordinal="0" offset="94" sl="78" sc="0" el="78" ec="0" bec="0" bev="0" fileid="8" />
              </SequencePoints>
              <BranchPoints />
            </Method>
            <Method visited="false" cyclomaticComplexity="0" nPathComplexity="0" sequenceCoverage="0.0" branchCoverage="0" crapScore="0" isConstructor="false" isStatic="true" isGetter="false" isSetter="false">
              <Summary numSequencePoints="8" visitedSequencePoints="0" numBranchPoints="0" visitedBranchPoints="0" sequenceCoverage="0.0" branchCoverage="0" maxCyclomaticComplexity="0" minCyclomaticComplexity="0" maxCrapScore="0" minCrapScore="0" visitedClasses="0" numClasses="0" visitedMethods="0" numMethods="1" />
              <MetadataToken>100663307</MetadataToken>
              <Name>static SepM.Math.fpq SepM.Utils.Utilities::multiply(SepM.Math.fpq, SepM.Math.fpq)</Name>
              <FileRef uid="8" />
              <SequencePoints>
                <SequencePoint vc="0" uspid="522" ordinal="0" offset="0" sl="80" sc="0" el="80" ec="0" bec="0" bev="0" fileid="8" />
                <SequencePoint vc="0" uspid="523" ordinal="0" offset="1" sl="81" sc="0" el="81" ec="0" bec="0" bev="0" fileid="8" />
                <SequencePoint vc="0" uspid="524" ordinal="0" offset="9" sl="82" sc="0" el="82" ec="0" bec="0" bev="0" fileid="8" />
                <SequencePoint vc="0" uspid="525" ordinal="0" offset="99" sl="83" sc="0" el="83" ec="0" bec="0" bev="0" fileid="8" />
                <SequencePoint vc="0" uspid="526" ordinal="0" offset="189" sl="84" sc="0" el="84" ec="0" bec="0" bev="0" fileid="8" />
                <SequencePoint vc="0" uspid="527" ordinal="0" offset="279" sl="85" sc="0" el="85" ec="0" bec="0" bev="0" fileid="8" />
                <SequencePoint vc="0" uspid="528" ordinal="0" offset="369" sl="86" sc="0" el="86" ec="0" bec="0" bev="0" fileid="8" />
                <SequencePoint vc="0" uspid="529" ordinal="0" offset="373" sl="87" sc="0" el="87" ec="0" bec="0" bev="0" fileid="8" />
              </SequencePoints>
              <BranchPoints />
            </Method>
            <Method visited="true" cyclomaticComplexity="0" nPathComplexity="0" sequenceCoverage="100.0" branchCoverage="0" crapScore="0" isConstructor="false" isStatic="true" isGetter="false" isSetter="false">
              <Summary numSequencePoints="3" visitedSequencePoints="3" numBranchPoints="0" visitedBranchPoints="0" sequenceCoverage="100.0" branchCoverage="0" maxCyclomaticComplexity="0" minCyclomaticComplexity="0" maxCrapScore="0" minCrapScore="0" visitedClasses="0" numClasses="0" visitedMethods="1" numMethods="1" />
              <MetadataToken>100663308</MetadataToken>
              <Name>static Unity.Mathematics.FixedPoint.fp SepM.Utils.Utilities::sqrd(Unity.Mathematics.FixedPoint.fp)</Name>
              <FileRef uid="8" />
              <SequencePoints>
                <SequencePoint vc="1" uspid="530" ordinal="0" offset="0" sl="90" sc="41" el="90" ec="41" bec="0" bev="0" fileid="8" />
                <SequencePoint vc="1" uspid="531" ordinal="0" offset="1" sl="91" sc="13" el="91" ec="13" bec="0" bev="0" fileid="8" />
                <SequencePoint vc="1" uspid="532" ordinal="0" offset="11" sl="92" sc="9" el="92" ec="9" bec="0" bev="0" fileid="8" />
              </SequencePoints>
              <BranchPoints />
            </Method>
            <Method visited="false" cyclomaticComplexity="0" nPathComplexity="0" sequenceCoverage="0.0" branchCoverage="0" crapScore="0" isConstructor="false" isStatic="true" isGetter="false" isSetter="false">
              <Summary numSequencePoints="4" visitedSequencePoints="0" numBranchPoints="0" visitedBranchPoints="0" sequenceCoverage="0.0" branchCoverage="0" maxCyclomaticComplexity="0" minCyclomaticComplexity="0" maxCrapScore="0" minCrapScore="0" visitedClasses="0" numClasses="0" visitedMethods="0" numMethods="1" />
              <MetadataToken>100663309</MetadataToken>
              <Name>static UnityEngine.Vector3 SepM.Utils.Utilities::toVector3(Unity.Mathematics.FixedPoint.fp3)</Name>
              <FileRef uid="8" />
              <SequencePoints>
                <SequencePoint vc="0" uspid="533" ordinal="0" offset="0" sl="94" sc="0" el="94" ec="0" bec="0" bev="0" fileid="8" />
                <SequencePoint vc="0" uspid="534" ordinal="0" offset="1" sl="95" sc="0" el="95" ec="0" bec="0" bev="0" fileid="8" />
                <SequencePoint vc="0" uspid="535" ordinal="0" offset="44" sl="100" sc="0" el="100" ec="0" bec="0" bev="0" fileid="8" />
                <SequencePoint vc="0" uspid="536" ordinal="0" offset="48" sl="101" sc="0" el="101" ec="0" bec="0" bev="0" fileid="8" />
              </SequencePoints>
              <BranchPoints />
            </Method>
            <Method visited="false" cyclomaticComplexity="0" nPathComplexity="0" sequenceCoverage="0.0" branchCoverage="0" crapScore="0" isConstructor="false" isStatic="true" isGetter="false" isSetter="false">
              <Summary numSequencePoints="50" visitedSequencePoints="0" numBranchPoints="0" visitedBranchPoints="0" sequenceCoverage="0.0" branchCoverage="0" maxCyclomaticComplexity="0" minCyclomaticComplexity="0" maxCrapScore="0" minCrapScore="0" visitedClasses="0" numClasses="0" visitedMethods="0" numMethods="1" />
              <MetadataToken>100663310</MetadataToken>
              <Name>static Unity.Mathematics.FixedPoint.fp SepM.Utils.Utilities::sqrt(Unity.Mathematics.FixedPoint.fp)</Name>
              <FileRef uid="8" />
              <SequencePoints>
                <SequencePoint vc="0" uspid="537" ordinal="0" offset="0" sl="105" sc="0" el="105" ec="0" bec="0" bev="0" fileid="8" />
                <SequencePoint vc="0" uspid="538" ordinal="0" offset="1" sl="106" sc="0" el="106" ec="0" bec="0" bev="0" fileid="8" />
                <SequencePoint vc="0" uspid="539" ordinal="0" offset="4" sl="107" sc="0" el="107" ec="0" bec="0" bev="0" fileid="8" />
                <SequencePoint vc="0" uspid="540" ordinal="0" offset="12" sl="108" sc="0" el="108" ec="0" bec="0" bev="0" fileid="8" />
                <SequencePoint vc="0" uspid="541" ordinal="0" offset="23" sl="109" sc="0" el="109" ec="0" bec="0" bev="0" fileid="8" />
                <SequencePoint vc="0" uspid="542" ordinal="0" offset="24" sl="112" sc="0" el="112" ec="0" bec="0" bev="0" fileid="8" />
                <SequencePoint vc="0" uspid="543" ordinal="0" offset="40" sl="115" sc="0" el="115" ec="0" bec="0" bev="0" fileid="8" />
                <SequencePoint vc="0" uspid="544" ordinal="0" offset="42" sl="116" sc="0" el="116" ec="0" bec="0" bev="0" fileid="8" />
                <SequencePoint vc="0" uspid="545" ordinal="0" offset="45" sl="119" sc="0" el="119" ec="0" bec="0" bev="0" fileid="8" />
                <SequencePoint vc="0" uspid="546" ordinal="0" offset="58" sl="122" sc="0" el="122" ec="0" bec="0" bev="0" fileid="8" />
                <SequencePoint vc="0" uspid="547" ordinal="0" offset="59" sl="123" sc="0" el="123" ec="0" bec="0" bev="0" fileid="8" />
                <SequencePoint vc="0" uspid="548" ordinal="0" offset="65" sl="124" sc="0" el="124" ec="0" bec="0" bev="0" fileid="8" />
                <SequencePoint vc="0" uspid="549" ordinal="0" offset="66" sl="121" sc="0" el="121" ec="0" bec="0" bev="0" fileid="8" />
                <SequencePoint vc="0" uspid="550" ordinal="0" offset="77" sl="128" sc="0" el="128" ec="0" bec="0" bev="0" fileid="8" />
                <SequencePoint vc="0" uspid="551" ordinal="0" offset="85" sl="129" sc="0" el="129" ec="0" bec="0" bev="0" fileid="8" />
                <SequencePoint vc="0" uspid="552" ordinal="0" offset="88" sl="132" sc="0" el="132" ec="0" bec="0" bev="0" fileid="8" />
                <SequencePoint vc="0" uspid="553" ordinal="0" offset="89" sl="133" sc="0" el="133" ec="0" bec="0" bev="0" fileid="8" />
                <SequencePoint vc="0" uspid="554" ordinal="0" offset="105" sl="134" sc="0" el="134" ec="0" bec="0" bev="0" fileid="8" />
                <SequencePoint vc="0" uspid="555" ordinal="0" offset="106" sl="135" sc="0" el="135" ec="0" bec="0" bev="0" fileid="8" />
                <SequencePoint vc="0" uspid="556" ordinal="0" offset="113" sl="136" sc="0" el="136" ec="0" bec="0" bev="0" fileid="8" />
                <SequencePoint vc="0" uspid="557" ordinal="0" offset="120" sl="137" sc="0" el="137" ec="0" bec="0" bev="0" fileid="8" />
                <SequencePoint vc="0" uspid="558" ordinal="0" offset="123" sl="139" sc="0" el="139" ec="0" bec="0" bev="0" fileid="8" />
                <SequencePoint vc="0" uspid="559" ordinal="0" offset="124" sl="140" sc="0" el="140" ec="0" bec="0" bev="0" fileid="8" />
                <SequencePoint vc="0" uspid="560" ordinal="0" offset="128" sl="141" sc="0" el="141" ec="0" bec="0" bev="0" fileid="8" />
                <SequencePoint vc="0" uspid="561" ordinal="0" offset="129" sl="142" sc="0" el="142" ec="0" bec="0" bev="0" fileid="8" />
                <SequencePoint vc="0" uspid="562" ordinal="0" offset="135" sl="143" sc="0" el="143" ec="0" bec="0" bev="0" fileid="8" />
                <SequencePoint vc="0" uspid="563" ordinal="0" offset="136" sl="131" sc="0" el="131" ec="0" bec="0" bev="0" fileid="8" />
                <SequencePoint vc="0" uspid="564" ordinal="0" offset="148" sl="145" sc="0" el="145" ec="0" bec="0" bev="0" fileid="8" />
                <SequencePoint vc="0" uspid="565" ordinal="0" offset="159" sl="146" sc="0" el="146" ec="0" bec="0" bev="0" fileid="8" />
                <SequencePoint vc="0" uspid="566" ordinal="0" offset="160" sl="148" sc="0" el="148" ec="0" bec="0" bev="0" fileid="8" />
                <SequencePoint vc="0" uspid="567" ordinal="0" offset="181" sl="149" sc="0" el="149" ec="0" bec="0" bev="0" fileid="8" />
                <SequencePoint vc="0" uspid="568" ordinal="0" offset="182" sl="156" sc="0" el="156" ec="0" bec="0" bev="0" fileid="8" />
                <SequencePoint vc="0" uspid="569" ordinal="0" offset="186" sl="157" sc="0" el="157" ec="0" bec="0" bev="0" fileid="8" />
                <SequencePoint vc="0" uspid="570" ordinal="0" offset="202" sl="158" sc="0" el="158" ec="0" bec="0" bev="0" fileid="8" />
                <SequencePoint vc="0" uspid="571" ordinal="0" offset="218" sl="159" sc="0" el="159" ec="0" bec="0" bev="0" fileid="8" />
                <SequencePoint vc="0" uspid="572" ordinal="0" offset="221" sl="161" sc="0" el="161" ec="0" bec="0" bev="0" fileid="8" />
                <SequencePoint vc="0" uspid="573" ordinal="0" offset="222" sl="162" sc="0" el="162" ec="0" bec="0" bev="0" fileid="8" />
                <SequencePoint vc="0" uspid="574" ordinal="0" offset="231" sl="163" sc="0" el="163" ec="0" bec="0" bev="0" fileid="8" />
                <SequencePoint vc="0" uspid="575" ordinal="0" offset="240" sl="164" sc="0" el="164" ec="0" bec="0" bev="0" fileid="8" />
                <SequencePoint vc="0" uspid="576" ordinal="0" offset="241" sl="166" sc="0" el="166" ec="0" bec="0" bev="0" fileid="8" />
                <SequencePoint vc="0" uspid="577" ordinal="0" offset="254" sl="167" sc="0" el="167" ec="0" bec="0" bev="0" fileid="8" />
                <SequencePoint vc="0" uspid="578" ordinal="0" offset="255" sl="168" sc="0" el="168" ec="0" bec="0" bev="0" fileid="8" />
                <SequencePoint vc="0" uspid="579" ordinal="0" offset="256" sl="128" sc="0" el="128" ec="0" bec="0" bev="0" fileid="8" />
                <SequencePoint vc="0" uspid="580" ordinal="0" offset="262" sl="128" sc="0" el="128" ec="0" bec="0" bev="0" fileid="8" />
                <SequencePoint vc="0" uspid="581" ordinal="0" offset="276" sl="170" sc="0" el="170" ec="0" bec="0" bev="0" fileid="8" />
                <SequencePoint vc="0" uspid="582" ordinal="0" offset="286" sl="171" sc="0" el="171" ec="0" bec="0" bev="0" fileid="8" />
                <SequencePoint vc="0" uspid="583" ordinal="0" offset="287" sl="172" sc="0" el="172" ec="0" bec="0" bev="0" fileid="8" />
                <SequencePoint vc="0" uspid="584" ordinal="0" offset="292" sl="173" sc="0" el="173" ec="0" bec="0" bev="0" fileid="8" />
                <SequencePoint vc="0" uspid="585" ordinal="0" offset="293" sl="174" sc="0" el="174" ec="0" bec="0" bev="0" fileid="8" />
                <SequencePoint vc="0" uspid="586" ordinal="0" offset="303" sl="175" sc="0" el="175" ec="0" bec="0" bev="0" fileid="8" />
              </SequencePoints>
              <BranchPoints />
            </Method>
          </Methods>
        </Class>
      </Classes>
    </Module>
  </Modules>
</CoverageSession>